[debug] [2024-03-25T00:08:42.714Z] ----------------------------------------------------------------------
[debug] [2024-03-25T00:08:42.719Z] Command:       C:\Program Files\nodejs\node.exe C:\Users\Conta\AppData\Roaming\npm\node_modules\firebase-tools\lib\bin\firebase.js deploy
[debug] [2024-03-25T00:08:42.719Z] CLI Version:   13.4.0
[debug] [2024-03-25T00:08:42.720Z] Platform:      win32
[debug] [2024-03-25T00:08:42.720Z] Node Version:  v20.9.0
[debug] [2024-03-25T00:08:42.720Z] Time:          Mon Mar 25 2024 01:08:42 GMT+0100 (hora estándar de Europa central)
[debug] [2024-03-25T00:08:42.720Z] ----------------------------------------------------------------------
[debug] 
[debug] [2024-03-25T00:08:42.879Z] Object ".hosting.rewrites[0]" in "firebase.json" has unknown property: {"additionalProperty":"source"}
[debug] [2024-03-25T00:08:42.880Z] Object ".hosting.rewrites[0]" in "firebase.json" has unknown property: {"additionalProperty":"source"}
[debug] [2024-03-25T00:08:42.880Z] Object ".hosting.rewrites[0]" in "firebase.json" has unknown property: {"additionalProperty":"source"}
[debug] [2024-03-25T00:08:42.880Z] Object ".hosting.rewrites[0]" in "firebase.json" has unknown property: {"additionalProperty":"source"}
[debug] [2024-03-25T00:08:42.880Z] Object ".hosting.rewrites[0]" in "firebase.json" has unknown property: {"additionalProperty":"source"}
[debug] [2024-03-25T00:08:42.881Z] Object ".hosting.rewrites[0]" in "firebase.json" has unknown property: {"additionalProperty":"function"}
[debug] [2024-03-25T00:08:42.881Z] Object ".hosting.rewrites[0]" in "firebase.json" has unknown property: {"additionalProperty":"destination"}
[debug] [2024-03-25T00:08:42.881Z] Object ".hosting.rewrites[0]" in "firebase.json" has unknown property: {"additionalProperty":"destination"}
[debug] [2024-03-25T00:08:42.881Z] Object ".hosting.rewrites[0]" in "firebase.json" has unknown property: {"additionalProperty":"function"}
[debug] [2024-03-25T00:08:42.881Z] Object ".hosting.rewrites[0]" in "firebase.json" has unknown property: {"additionalProperty":"function"}
[debug] [2024-03-25T00:08:42.881Z] Object ".hosting.rewrites[0]" in "firebase.json" has unknown property: {"additionalProperty":"source"}
[debug] [2024-03-25T00:08:42.881Z] Object ".hosting.rewrites[0]" in "firebase.json" has unknown property: {"additionalProperty":"source"}
[debug] [2024-03-25T00:08:42.881Z] Object ".hosting.rewrites[0]" in "firebase.json" has unknown property: {"additionalProperty":"source"}
[debug] [2024-03-25T00:08:42.882Z] Object ".hosting.rewrites[0]" in "firebase.json" has unknown property: {"additionalProperty":"source"}
[debug] [2024-03-25T00:08:42.882Z] Object ".hosting.rewrites[0]" in "firebase.json" has unknown property: {"additionalProperty":"source"}
[debug] [2024-03-25T00:08:42.882Z] Field ".hosting.rewrites[0]" in "firebase.json" is possibly invalid: should match some schema in anyOf
[debug] [2024-03-25T00:08:42.882Z] Field ".hosting" in "firebase.json" is possibly invalid: should be array
[debug] [2024-03-25T00:08:42.882Z] Field ".hosting" in "firebase.json" is possibly invalid: should match some schema in anyOf
[debug] [2024-03-25T00:08:42.890Z] > command requires scopes: ["email","openid","https://www.googleapis.com/auth/cloudplatformprojects.readonly","https://www.googleapis.com/auth/firebase","https://www.googleapis.com/auth/cloud-platform"]
[debug] [2024-03-25T00:08:42.891Z] > authorizing via signed-in user (claudia.vasquez.as@gmail.com)
[debug] [2024-03-25T00:08:42.891Z] [iam] checking project todoapp10265905 for permissions ["cloudfunctions.functions.create","cloudfunctions.functions.delete","cloudfunctions.functions.get","cloudfunctions.functions.list","cloudfunctions.functions.update","cloudfunctions.operations.get","firebase.projects.get","firebasehosting.sites.update"]
[debug] [2024-03-25T00:08:42.894Z] >>> [apiv2][query] POST https://cloudresourcemanager.googleapis.com/v1/projects/todoapp10265905:testIamPermissions [none]
[debug] [2024-03-25T00:08:42.894Z] >>> [apiv2][(partial)header] POST https://cloudresourcemanager.googleapis.com/v1/projects/todoapp10265905:testIamPermissions x-goog-quota-user=projects/todoapp10265905
[debug] [2024-03-25T00:08:42.894Z] >>> [apiv2][body] POST https://cloudresourcemanager.googleapis.com/v1/projects/todoapp10265905:testIamPermissions {"permissions":["cloudfunctions.functions.create","cloudfunctions.functions.delete","cloudfunctions.functions.get","cloudfunctions.functions.list","cloudfunctions.functions.update","cloudfunctions.operations.get","firebase.projects.get","firebasehosting.sites.update"]}
[debug] [2024-03-25T00:08:43.745Z] <<< [apiv2][status] POST https://cloudresourcemanager.googleapis.com/v1/projects/todoapp10265905:testIamPermissions 200
[debug] [2024-03-25T00:08:43.745Z] <<< [apiv2][body] POST https://cloudresourcemanager.googleapis.com/v1/projects/todoapp10265905:testIamPermissions {"permissions":["cloudfunctions.functions.create","cloudfunctions.functions.delete","cloudfunctions.functions.get","cloudfunctions.functions.list","cloudfunctions.functions.update","cloudfunctions.operations.get","firebase.projects.get","firebasehosting.sites.update"]}
[debug] [2024-03-25T00:08:43.746Z] >>> [apiv2][query] POST https://iam.googleapis.com/v1/projects/todoapp10265905/serviceAccounts/todoapp10265905@appspot.gserviceaccount.com:testIamPermissions [none]
[debug] [2024-03-25T00:08:43.746Z] >>> [apiv2][body] POST https://iam.googleapis.com/v1/projects/todoapp10265905/serviceAccounts/todoapp10265905@appspot.gserviceaccount.com:testIamPermissions {"permissions":["iam.serviceAccounts.actAs"]}
[debug] [2024-03-25T00:08:44.451Z] <<< [apiv2][status] POST https://iam.googleapis.com/v1/projects/todoapp10265905/serviceAccounts/todoapp10265905@appspot.gserviceaccount.com:testIamPermissions 200
[debug] [2024-03-25T00:08:44.451Z] <<< [apiv2][body] POST https://iam.googleapis.com/v1/projects/todoapp10265905/serviceAccounts/todoapp10265905@appspot.gserviceaccount.com:testIamPermissions {"permissions":["iam.serviceAccounts.actAs"]}
[debug] [2024-03-25T00:08:44.453Z] >>> [apiv2][query] GET https://firebase.googleapis.com/v1beta1/projects/todoapp10265905 [none]
[debug] [2024-03-25T00:08:44.756Z] <<< [apiv2][status] GET https://firebase.googleapis.com/v1beta1/projects/todoapp10265905 200
[debug] [2024-03-25T00:08:44.757Z] <<< [apiv2][body] GET https://firebase.googleapis.com/v1beta1/projects/todoapp10265905 {"projectId":"todoapp10265905","projectNumber":"572090077515","displayName":"todoapp","name":"projects/todoapp10265905","resources":{"hostingSite":"todoapp10265905"},"state":"ACTIVE","etag":"1_5e8e5b0d-1d59-4017-8a2d-f723f5d42cf0"}
[info] 
[info] === Deploying to 'todoapp10265905'...
[info] 
[info] i  deploying functions, hosting 
[debug] [2024-03-25T00:08:44.775Z] >>> [apiv2][query] GET https://firebase.googleapis.com/v1beta1/projects/todoapp10265905 [none]
[debug] [2024-03-25T00:08:44.991Z] <<< [apiv2][status] GET https://firebase.googleapis.com/v1beta1/projects/todoapp10265905 200
[debug] [2024-03-25T00:08:44.991Z] <<< [apiv2][body] GET https://firebase.googleapis.com/v1beta1/projects/todoapp10265905 {"projectId":"todoapp10265905","projectNumber":"572090077515","displayName":"todoapp","name":"projects/todoapp10265905","resources":{"hostingSite":"todoapp10265905"},"state":"ACTIVE","etag":"1_5e8e5b0d-1d59-4017-8a2d-f723f5d42cf0"}
[info] i  functions: preparing codebase default for deployment 
[info] i  functions: ensuring required API cloudfunctions.googleapis.com is enabled... 
[info] i  functions: ensuring required API cloudbuild.googleapis.com is enabled... 
[info] i  artifactregistry: ensuring required API artifactregistry.googleapis.com is enabled... 
[debug] [2024-03-25T00:08:45.005Z] >>> [apiv2][query] GET https://serviceusage.googleapis.com/v1/projects/todoapp10265905/services/cloudfunctions.googleapis.com [none]
[debug] [2024-03-25T00:08:45.005Z] >>> [apiv2][(partial)header] GET https://serviceusage.googleapis.com/v1/projects/todoapp10265905/services/cloudfunctions.googleapis.com x-goog-quota-user=projects/todoapp10265905
[debug] [2024-03-25T00:08:45.009Z] >>> [apiv2][query] GET https://serviceusage.googleapis.com/v1/projects/todoapp10265905/services/runtimeconfig.googleapis.com [none]
[debug] [2024-03-25T00:08:45.010Z] >>> [apiv2][(partial)header] GET https://serviceusage.googleapis.com/v1/projects/todoapp10265905/services/runtimeconfig.googleapis.com x-goog-quota-user=projects/todoapp10265905
[debug] [2024-03-25T00:08:45.013Z] >>> [apiv2][query] GET https://serviceusage.googleapis.com/v1/projects/todoapp10265905/services/cloudbuild.googleapis.com [none]
[debug] [2024-03-25T00:08:45.013Z] >>> [apiv2][(partial)header] GET https://serviceusage.googleapis.com/v1/projects/todoapp10265905/services/cloudbuild.googleapis.com x-goog-quota-user=projects/todoapp10265905
[debug] [2024-03-25T00:08:45.017Z] >>> [apiv2][query] GET https://serviceusage.googleapis.com/v1/projects/todoapp10265905/services/artifactregistry.googleapis.com [none]
[debug] [2024-03-25T00:08:45.017Z] >>> [apiv2][(partial)header] GET https://serviceusage.googleapis.com/v1/projects/todoapp10265905/services/artifactregistry.googleapis.com x-goog-quota-user=projects/todoapp10265905
[debug] [2024-03-25T00:08:45.930Z] <<< [apiv2][status] GET https://serviceusage.googleapis.com/v1/projects/todoapp10265905/services/cloudbuild.googleapis.com 200
[debug] [2024-03-25T00:08:45.931Z] <<< [apiv2][body] GET https://serviceusage.googleapis.com/v1/projects/todoapp10265905/services/cloudbuild.googleapis.com [omitted]
[info] +  functions: required API cloudbuild.googleapis.com is enabled 
[debug] [2024-03-25T00:08:45.934Z] <<< [apiv2][status] GET https://serviceusage.googleapis.com/v1/projects/todoapp10265905/services/cloudfunctions.googleapis.com 200
[debug] [2024-03-25T00:08:45.935Z] <<< [apiv2][body] GET https://serviceusage.googleapis.com/v1/projects/todoapp10265905/services/cloudfunctions.googleapis.com [omitted]
[info] +  functions: required API cloudfunctions.googleapis.com is enabled 
[debug] [2024-03-25T00:08:45.966Z] <<< [apiv2][status] GET https://serviceusage.googleapis.com/v1/projects/todoapp10265905/services/runtimeconfig.googleapis.com 200
[debug] [2024-03-25T00:08:45.966Z] <<< [apiv2][body] GET https://serviceusage.googleapis.com/v1/projects/todoapp10265905/services/runtimeconfig.googleapis.com [omitted]
[debug] [2024-03-25T00:08:46.043Z] <<< [apiv2][status] GET https://serviceusage.googleapis.com/v1/projects/todoapp10265905/services/artifactregistry.googleapis.com 200
[debug] [2024-03-25T00:08:46.043Z] <<< [apiv2][body] GET https://serviceusage.googleapis.com/v1/projects/todoapp10265905/services/artifactregistry.googleapis.com [omitted]
[info] +  artifactregistry: required API artifactregistry.googleapis.com is enabled 
[debug] [2024-03-25T00:08:46.045Z] >>> [apiv2][query] GET https://firebase.googleapis.com/v1beta1/projects/todoapp10265905/adminSdkConfig [none]
[debug] [2024-03-25T00:08:46.249Z] <<< [apiv2][status] GET https://firebase.googleapis.com/v1beta1/projects/todoapp10265905/adminSdkConfig 200
[debug] [2024-03-25T00:08:46.249Z] <<< [apiv2][body] GET https://firebase.googleapis.com/v1beta1/projects/todoapp10265905/adminSdkConfig {"projectId":"todoapp10265905","storageBucket":"todoapp10265905.appspot.com"}
[debug] [2024-03-25T00:08:46.250Z] >>> [apiv2][query] GET https://runtimeconfig.googleapis.com/v1beta1/projects/todoapp10265905/configs [none]
[debug] [2024-03-25T00:08:46.509Z] <<< [apiv2][status] GET https://runtimeconfig.googleapis.com/v1beta1/projects/todoapp10265905/configs 200
[debug] [2024-03-25T00:08:46.510Z] <<< [apiv2][body] GET https://runtimeconfig.googleapis.com/v1beta1/projects/todoapp10265905/configs {}
[debug] [2024-03-25T00:08:46.511Z] Validating nodejs source
[debug] [2024-03-25T00:08:48.809Z] > [functions] package.json contents: {
  "name": "todo-backend",
  "version": "1.0.0",
  "description": "## Instalación de mongoose ```shell $ npm init -y $ npm install express $ npm install mongoose $ npm install nodemon --save-dev ```",
  "main": "app.js",
  "scripts": {
    "test": "echo \"Error: no test specified\" && exit 1",
    "start": "node app.js"
  },
  "repository": {
    "type": "git",
    "url": "git+https://github.com/FSDSTR0323/todo-backend.git"
  },
  "keywords": [],
  "author": "",
  "license": "ISC",
  "bugs": {
    "url": "https://github.com/FSDSTR0323/todo-backend/issues"
  },
  "homepage": "https://github.com/FSDSTR0323/todo-backend#readme",
  "dependencies": {
    "cors": "^2.8.5",
    "dotenv": "^16.0.3",
    "express": "^4.18.3",
    "firebase-functions": "^4.8.1",
    "mongoose": "^7.1.0",
    "nodemon": "^3.1.0"
  }
}
[debug] [2024-03-25T00:08:48.810Z] Building nodejs source
[info] i  functions: Loading and analyzing source code for codebase default to determine what to deploy 
[debug] [2024-03-25T00:08:48.813Z] Could not find functions.yaml. Must use http discovery
[debug] [2024-03-25T00:08:48.835Z] Found firebase-functions binary at 'C:\Users\Conta\Repos\TodoApp\functions\node_modules\.bin\firebase-functions'
[info] Serving at port 8714

[info] Example app listening on port 8000

[debug] [2024-03-25T00:08:50.827Z] Got response from /__/functions.yaml {"endpoints":{"app":{"platform":"gcfv1","availableMemoryMb":null,"timeoutSeconds":null,"minInstances":null,"maxInstances":null,"ingressSettings":null,"serviceAccountEmail":null,"vpc":null,"httpsTrigger":{},"entryPoint":"app"}},"specVersion":"v1alpha1","requiredAPIs":[]}
[info] i  functions: Loaded environment variables from .env. 
[info] i  functions: preparing functions directory for uploading... 
[info] i  functions: packaged C:\Users\Conta\Repos\TodoApp\functions (54.49 KB) for uploading 
[debug] [2024-03-25T00:09:01.112Z] >>> [apiv2][query] GET https://cloudfunctions.googleapis.com/v1/projects/todoapp10265905/locations/-/functions [none]
[debug] [2024-03-25T00:09:01.729Z] <<< [apiv2][status] GET https://cloudfunctions.googleapis.com/v1/projects/todoapp10265905/locations/-/functions 200
[debug] [2024-03-25T00:09:01.729Z] <<< [apiv2][body] GET https://cloudfunctions.googleapis.com/v1/projects/todoapp10265905/locations/-/functions {}
[debug] [2024-03-25T00:09:01.733Z] >>> [apiv2][query] GET https://cloudfunctions.googleapis.com/v2/projects/todoapp10265905/locations/-/functions filter=environment%3D%22GEN_2%22
[debug] [2024-03-25T00:09:02.698Z] <<< [apiv2][status] GET https://cloudfunctions.googleapis.com/v2/projects/todoapp10265905/locations/-/functions 200
[debug] [2024-03-25T00:09:02.698Z] <<< [apiv2][body] GET https://cloudfunctions.googleapis.com/v2/projects/todoapp10265905/locations/-/functions {}
[debug] [2024-03-25T00:09:02.710Z] >>> [apiv2][query] GET https://firebase.googleapis.com/v1beta1/projects/todoapp10265905 [none]
[debug] [2024-03-25T00:09:02.988Z] <<< [apiv2][status] GET https://firebase.googleapis.com/v1beta1/projects/todoapp10265905 200
[debug] [2024-03-25T00:09:02.988Z] <<< [apiv2][body] GET https://firebase.googleapis.com/v1beta1/projects/todoapp10265905 {"projectId":"todoapp10265905","projectNumber":"572090077515","displayName":"todoapp","name":"projects/todoapp10265905","resources":{"hostingSite":"todoapp10265905"},"state":"ACTIVE","etag":"1_5e8e5b0d-1d59-4017-8a2d-f723f5d42cf0"}
[debug] [2024-03-25T00:09:02.996Z] >>> [apiv2][query] POST https://firebasehosting.googleapis.com/v1beta1/projects/-/sites/todoapp10265905/versions [none]
[debug] [2024-03-25T00:09:02.996Z] >>> [apiv2][body] POST https://firebasehosting.googleapis.com/v1beta1/projects/-/sites/todoapp10265905/versions {"status":"CREATED","labels":{"deployment-tool":"cli-firebase"}}
[debug] [2024-03-25T00:09:05.307Z] <<< [apiv2][status] POST https://firebasehosting.googleapis.com/v1beta1/projects/-/sites/todoapp10265905/versions 200
[debug] [2024-03-25T00:09:05.308Z] <<< [apiv2][body] POST https://firebasehosting.googleapis.com/v1beta1/projects/-/sites/todoapp10265905/versions {"name":"projects/572090077515/sites/todoapp10265905/versions/f205ba66a53979c4","status":"CREATED","config":{},"labels":{"deployment-tool":"cli-firebase"}}
[debug] [2024-03-25T00:09:05.309Z] [functions] found 1 new HTTP functions, testing setIamPolicy permission...
[debug] [2024-03-25T00:09:05.310Z] >>> [apiv2][query] POST https://cloudresourcemanager.googleapis.com/v1/projects/todoapp10265905:testIamPermissions [none]
[debug] [2024-03-25T00:09:05.310Z] >>> [apiv2][(partial)header] POST https://cloudresourcemanager.googleapis.com/v1/projects/todoapp10265905:testIamPermissions x-goog-quota-user=projects/todoapp10265905
[debug] [2024-03-25T00:09:05.310Z] >>> [apiv2][body] POST https://cloudresourcemanager.googleapis.com/v1/projects/todoapp10265905:testIamPermissions {"permissions":["cloudfunctions.functions.setIamPolicy"]}
[debug] [2024-03-25T00:09:06.037Z] <<< [apiv2][status] POST https://cloudresourcemanager.googleapis.com/v1/projects/todoapp10265905:testIamPermissions 200
[debug] [2024-03-25T00:09:06.041Z] <<< [apiv2][body] POST https://cloudresourcemanager.googleapis.com/v1/projects/todoapp10265905:testIamPermissions {"permissions":["cloudfunctions.functions.setIamPolicy"]}
[debug] [2024-03-25T00:09:06.042Z] [functions] found setIamPolicy permission, proceeding with deploy
[debug] [2024-03-25T00:09:06.044Z] >>> [apiv2][query] POST https://cloudfunctions.googleapis.com/v1/projects/todoapp10265905/locations/us-central1/functions:generateUploadUrl [none]
[debug] [2024-03-25T00:09:06.045Z] >>> [apiv2][body] POST https://cloudfunctions.googleapis.com/v1/projects/todoapp10265905/locations/us-central1/functions:generateUploadUrl {}
[debug] [2024-03-25T00:09:17.275Z] <<< [apiv2][status] POST https://cloudfunctions.googleapis.com/v1/projects/todoapp10265905/locations/us-central1/functions:generateUploadUrl 200
[debug] [2024-03-25T00:09:17.276Z] <<< [apiv2][body] POST https://cloudfunctions.googleapis.com/v1/projects/todoapp10265905/locations/us-central1/functions:generateUploadUrl {"uploadUrl":"https://storage.googleapis.com/uploads-727318940885.us-central1.cloudfunctions.appspot.com/d99c1a14-69ff-44fd-b83a-5f0fd62f6e7f.zip?GoogleAccessId=service-572090077515@gcf-admin-robot.iam.gserviceaccount.com&Expires=1711327158&Signature=PRtDw%2F%2BdeEVDYb6cTyh7ecFwElpjvmS%2Bx2WihgYy8efUncGLOJesDfoa7Jfn%2Bxk4mRCi6rAfvqNo5l4IJ5%2FomDsCHX1o5a96cMQ1N%2FVMP4KRQpCwXIsGOUvUJhZcpCkxJEKtnLKN3SoeLijNMx8nw03Ejgy5xlvxb3zTxC9rbIL16AmUkKjGQcdMPDGb0j6p%2F4dRnJPXcZONn%2Futco050%2F4azEofuBFPHzfCJ0aqACaZRoesvLGJB%2BazdWgEYeF8A%2Fuemh3zCEQPAi6sGXAi%2Fihy5K1fMyTmYt46bL4wPKxPNss4KMcUZ6sdWG69tdS1Z61hvlH9LOVxZtwXHrQWYg%3D%3D"}
[debug] [2024-03-25T00:09:17.277Z] >>> [apiv2][query] PUT https://storage.googleapis.com/uploads-727318940885.us-central1.cloudfunctions.appspot.com/d99c1a14-69ff-44fd-b83a-5f0fd62f6e7f.zip GoogleAccessId=service-572090077515%40gcf-admin-robot.iam.gserviceaccount.com&Expires=1711327158&Signature=PRtDw%2F%2BdeEVDYb6cTyh7ecFwElpjvmS%2Bx2WihgYy8efUncGLOJesDfoa7Jfn%2Bxk4mRCi6rAfvqNo5l4IJ5%2FomDsCHX1o5a96cMQ1N%2FVMP4KRQpCwXIsGOUvUJhZcpCkxJEKtnLKN3SoeLijNMx8nw03Ejgy5xlvxb3zTxC9rbIL16AmUkKjGQcdMPDGb0j6p%2F4dRnJPXcZONn%2Futco050%2F4azEofuBFPHzfCJ0aqACaZRoesvLGJB%2BazdWgEYeF8A%2Fuemh3zCEQPAi6sGXAi%2Fihy5K1fMyTmYt46bL4wPKxPNss4KMcUZ6sdWG69tdS1Z61hvlH9LOVxZtwXHrQWYg%3D%3D
[debug] [2024-03-25T00:09:17.277Z] >>> [apiv2][body] PUT https://storage.googleapis.com/uploads-727318940885.us-central1.cloudfunctions.appspot.com/d99c1a14-69ff-44fd-b83a-5f0fd62f6e7f.zip [stream]
[debug] [2024-03-25T00:09:18.333Z] <<< [apiv2][status] PUT https://storage.googleapis.com/uploads-727318940885.us-central1.cloudfunctions.appspot.com/d99c1a14-69ff-44fd-b83a-5f0fd62f6e7f.zip 200
[debug] [2024-03-25T00:09:18.333Z] <<< [apiv2][body] PUT https://storage.googleapis.com/uploads-727318940885.us-central1.cloudfunctions.appspot.com/d99c1a14-69ff-44fd-b83a-5f0fd62f6e7f.zip [omitted]
[info] +  functions: functions folder uploaded successfully 
[info] i  hosting[todoapp10265905]: beginning deploy... 
[info] i  hosting[todoapp10265905]: found 1 files in public 
[debug] [2024-03-25T00:09:18.352Z] [hosting] uploading with 200 concurrency
[debug] [2024-03-25T00:09:18.353Z] [hosting] hash cache [cHVibGlj] not populated
[debug] [2024-03-25T00:09:18.363Z] [hosting] hash cache [cHVibGlj] stored for 1 files
[debug] [2024-03-25T00:09:18.364Z] [hosting][hash queue][FINAL] {"max":3,"min":3,"avg":3,"active":0,"complete":1,"success":1,"errored":0,"retried":0,"total":1,"elapsed":9}
[debug] [2024-03-25T00:09:18.364Z] >>> [apiv2][query] POST https://firebasehosting.googleapis.com/v1beta1/projects/572090077515/sites/todoapp10265905/versions/f205ba66a53979c4:populateFiles [none]
[debug] [2024-03-25T00:09:18.365Z] >>> [apiv2][body] POST https://firebasehosting.googleapis.com/v1beta1/projects/572090077515/sites/todoapp10265905/versions/f205ba66a53979c4:populateFiles {"files":{"/index.html":"815f97a731d6ac4a1559d8eed1ab9afa2520cf5a32624150febd9384a11c8ffe"}}
[debug] [2024-03-25T00:09:19.453Z] <<< [apiv2][status] POST https://firebasehosting.googleapis.com/v1beta1/projects/572090077515/sites/todoapp10265905/versions/f205ba66a53979c4:populateFiles 200
[debug] [2024-03-25T00:09:19.454Z] <<< [apiv2][body] POST https://firebasehosting.googleapis.com/v1beta1/projects/572090077515/sites/todoapp10265905/versions/f205ba66a53979c4:populateFiles {"uploadRequiredHashes":["815f97a731d6ac4a1559d8eed1ab9afa2520cf5a32624150febd9384a11c8ffe"],"uploadUrl":"https://upload-firebasehosting.googleapis.com/upload/sites/todoapp10265905/versions/f205ba66a53979c4/files"}
[debug] [2024-03-25T00:09:19.458Z] >>> [apiv2][query] POST https://upload-firebasehosting.googleapis.com/upload/sites/todoapp10265905/versions/f205ba66a53979c4/files/815f97a731d6ac4a1559d8eed1ab9afa2520cf5a32624150febd9384a11c8ffe [none]
[debug] [2024-03-25T00:09:19.458Z] >>> [apiv2][body] POST https://upload-firebasehosting.googleapis.com/upload/sites/todoapp10265905/versions/f205ba66a53979c4/files/815f97a731d6ac4a1559d8eed1ab9afa2520cf5a32624150febd9384a11c8ffe [stream]
[debug] [2024-03-25T00:09:19.465Z] [hosting][populate queue][FINAL] {"max":1098,"min":1098,"avg":1098,"active":0,"complete":1,"success":1,"errored":0,"retried":0,"total":1,"elapsed":1106}
[debug] [2024-03-25T00:09:19.465Z] [hosting] uploads queued: 1
[debug] [2024-03-25T00:09:20.377Z] <<< [apiv2][status] POST https://upload-firebasehosting.googleapis.com/upload/sites/todoapp10265905/versions/f205ba66a53979c4/files/815f97a731d6ac4a1559d8eed1ab9afa2520cf5a32624150febd9384a11c8ffe 200
[debug] [2024-03-25T00:09:20.379Z] <<< [apiv2][body] POST https://upload-firebasehosting.googleapis.com/upload/sites/todoapp10265905/versions/f205ba66a53979c4/files/815f97a731d6ac4a1559d8eed1ab9afa2520cf5a32624150febd9384a11c8ffe [stream]
[debug] [2024-03-25T00:09:20.381Z] [hosting][upload queue][FINAL] {"max":925,"min":925,"avg":925,"active":0,"complete":1,"success":1,"errored":0,"retried":0,"total":1,"elapsed":925}
[info] +  hosting[todoapp10265905]: file upload complete 
[debug] [2024-03-25T00:09:20.389Z] [hosting] deploy completed after 2048ms
[info] i  functions: creating Node.js 10 (1st Gen) function app(us-central1)... 
[debug] [2024-03-25T00:09:20.402Z] >>> [apiv2][query] POST https://cloudfunctions.googleapis.com/v1/projects/todoapp10265905/locations/us-central1/functions [none]
[debug] [2024-03-25T00:09:20.402Z] >>> [apiv2][body] POST https://cloudfunctions.googleapis.com/v1/projects/todoapp10265905/locations/us-central1/functions {"name":"projects/todoapp10265905/locations/us-central1/functions/app","sourceUploadUrl":"https://storage.googleapis.com/uploads-727318940885.us-central1.cloudfunctions.appspot.com/d99c1a14-69ff-44fd-b83a-5f0fd62f6e7f.zip?GoogleAccessId=service-572090077515@gcf-admin-robot.iam.gserviceaccount.com&Expires=1711327158&Signature=PRtDw%2F%2BdeEVDYb6cTyh7ecFwElpjvmS%2Bx2WihgYy8efUncGLOJesDfoa7Jfn%2Bxk4mRCi6rAfvqNo5l4IJ5%2FomDsCHX1o5a96cMQ1N%2FVMP4KRQpCwXIsGOUvUJhZcpCkxJEKtnLKN3SoeLijNMx8nw03Ejgy5xlvxb3zTxC9rbIL16AmUkKjGQcdMPDGb0j6p%2F4dRnJPXcZONn%2Futco050%2F4azEofuBFPHzfCJ0aqACaZRoesvLGJB%2BazdWgEYeF8A%2Fuemh3zCEQPAi6sGXAi%2Fihy5K1fMyTmYt46bL4wPKxPNss4KMcUZ6sdWG69tdS1Z61hvlH9LOVxZtwXHrQWYg%3D%3D","entryPoint":"app","runtime":"nodejs10","dockerRegistry":"ARTIFACT_REGISTRY","labels":{"deployment-tool":"cli-firebase","firebase-functions-hash":"7fd2d42b08146f96063239fc60640bfb2ebb6f57"},"httpsTrigger":{"securityLevel":"SECURE_ALWAYS"},"minInstances":null,"maxInstances":null,"ingressSettings":null,"environmentVariables":{"DB_USER":"mcvasquezas","DB_PASSWORD":"mxyOOwuiBR62jK9t","DB_SERVER":"cluster0.r5v72vh.mongodb.net","DB_NAME":"mydatabase","FIREBASE_CONFIG":"{\"projectId\":\"todoapp10265905\",\"storageBucket\":\"todoapp10265905.appspot.com\"}","GCLOUD_PROJECT":"todoapp10265905","EVENTARC_CLOUD_EVENT_SOURCE":"projects/todoapp10265905/locations/us-central1/functions/app"},"serviceAccountEmail":null,"availableMemoryMb":null,"timeout":null,"vpcConnector":null,"vpcConnectorEgressSettings":null,"buildEnvironmentVariables":{"GOOGLE_NODE_RUN_SCRIPTS":""}}
[debug] [2024-03-25T00:09:21.005Z] <<< [apiv2][status] POST https://cloudfunctions.googleapis.com/v1/projects/todoapp10265905/locations/us-central1/functions 200
[debug] [2024-03-25T00:09:21.006Z] <<< [apiv2][body] POST https://cloudfunctions.googleapis.com/v1/projects/todoapp10265905/locations/us-central1/functions {"name":"operations/dG9kb2FwcDEwMjY1OTA1L3VzLWNlbnRyYWwxL2FwcC9jLUtMSUZXNjhkSQ","metadata":{"@type":"type.googleapis.com/google.cloud.functions.v1.OperationMetadataV1","target":"projects/todoapp10265905/locations/us-central1/functions/app","type":"CREATE_FUNCTION","request":{"@type":"type.googleapis.com/google.cloud.functions.v1.CloudFunction","name":"projects/todoapp10265905/locations/us-central1/functions/app","httpsTrigger":{"securityLevel":"SECURE_ALWAYS"},"entryPoint":"app","labels":{"deployment-tool":"cli-firebase","firebase-functions-hash":"7fd2d42b08146f96063239fc60640bfb2ebb6f57"},"sourceUploadUrl":"https://storage.googleapis.com/uploads-727318940885.us-central1.cloudfunctions.appspot.com/d99c1a14-69ff-44fd-b83a-5f0fd62f6e7f.zip?GoogleAccessId=service-572090077515@gcf-admin-robot.iam.gserviceaccount.com&Expires=1711327158&Signature=PRtDw%2F%2BdeEVDYb6cTyh7ecFwElpjvmS%2Bx2WihgYy8efUncGLOJesDfoa7Jfn%2Bxk4mRCi6rAfvqNo5l4IJ5%2FomDsCHX1o5a96cMQ1N%2FVMP4KRQpCwXIsGOUvUJhZcpCkxJEKtnLKN3SoeLijNMx8nw03Ejgy5xlvxb3zTxC9rbIL16AmUkKjGQcdMPDGb0j6p%2F4dRnJPXcZONn%2Futco050%2F4azEofuBFPHzfCJ0aqACaZRoesvLGJB%2BazdWgEYeF8A%2Fuemh3zCEQPAi6sGXAi%2Fihy5K1fMyTmYt46bL4wPKxPNss4KMcUZ6sdWG69tdS1Z61hvlH9LOVxZtwXHrQWYg%3D%3D","environmentVariables":{"DB_USER":"mcvasquezas","DB_PASSWORD":"mxyOOwuiBR62jK9t","DB_SERVER":"cluster0.r5v72vh.mongodb.net","DB_NAME":"mydatabase","FIREBASE_CONFIG":"{\"projectId\":\"todoapp10265905\",\"storageBucket\":\"todoapp10265905.appspot.com\"}","GCLOUD_PROJECT":"todoapp10265905","EVENTARC_CLOUD_EVENT_SOURCE":"projects/todoapp10265905/locations/us-central1/functions/app"},"runtime":"nodejs10","buildEnvironmentVariables":{"GOOGLE_NODE_RUN_SCRIPTS":""},"dockerRegistry":"ARTIFACT_REGISTRY"},"versionId":"1","updateTime":"2024-03-25T00:09:22Z"}}
[debug] [2024-03-25T00:09:21.007Z] >>> [apiv2][query] GET https://cloudfunctions.googleapis.com/v1/operations/dG9kb2FwcDEwMjY1OTA1L3VzLWNlbnRyYWwxL2FwcC9jLUtMSUZXNjhkSQ [none]
[debug] [2024-03-25T00:09:21.236Z] <<< [apiv2][status] GET https://cloudfunctions.googleapis.com/v1/operations/dG9kb2FwcDEwMjY1OTA1L3VzLWNlbnRyYWwxL2FwcC9jLUtMSUZXNjhkSQ 200
[debug] [2024-03-25T00:09:21.237Z] <<< [apiv2][body] GET https://cloudfunctions.googleapis.com/v1/operations/dG9kb2FwcDEwMjY1OTA1L3VzLWNlbnRyYWwxL2FwcC9jLUtMSUZXNjhkSQ {"name":"operations/dG9kb2FwcDEwMjY1OTA1L3VzLWNlbnRyYWwxL2FwcC9jLUtMSUZXNjhkSQ","metadata":{"@type":"type.googleapis.com/google.cloud.functions.v1.OperationMetadataV1","target":"projects/todoapp10265905/locations/us-central1/functions/app","type":"CREATE_FUNCTION","request":{"@type":"type.googleapis.com/google.cloud.functions.v1.CloudFunction","name":"projects/todoapp10265905/locations/us-central1/functions/app","httpsTrigger":{"securityLevel":"SECURE_ALWAYS"},"entryPoint":"app","labels":{"deployment-tool":"cli-firebase","firebase-functions-hash":"7fd2d42b08146f96063239fc60640bfb2ebb6f57"},"sourceUploadUrl":"https://storage.googleapis.com/uploads-727318940885.us-central1.cloudfunctions.appspot.com/d99c1a14-69ff-44fd-b83a-5f0fd62f6e7f.zip?GoogleAccessId=service-572090077515@gcf-admin-robot.iam.gserviceaccount.com&Expires=1711327158&Signature=PRtDw%2F%2BdeEVDYb6cTyh7ecFwElpjvmS%2Bx2WihgYy8efUncGLOJesDfoa7Jfn%2Bxk4mRCi6rAfvqNo5l4IJ5%2FomDsCHX1o5a96cMQ1N%2FVMP4KRQpCwXIsGOUvUJhZcpCkxJEKtnLKN3SoeLijNMx8nw03Ejgy5xlvxb3zTxC9rbIL16AmUkKjGQcdMPDGb0j6p%2F4dRnJPXcZONn%2Futco050%2F4azEofuBFPHzfCJ0aqACaZRoesvLGJB%2BazdWgEYeF8A%2Fuemh3zCEQPAi6sGXAi%2Fihy5K1fMyTmYt46bL4wPKxPNss4KMcUZ6sdWG69tdS1Z61hvlH9LOVxZtwXHrQWYg%3D%3D","environmentVariables":{"DB_USER":"mcvasquezas","DB_PASSWORD":"mxyOOwuiBR62jK9t","DB_SERVER":"cluster0.r5v72vh.mongodb.net","DB_NAME":"mydatabase","FIREBASE_CONFIG":"{\"projectId\":\"todoapp10265905\",\"storageBucket\":\"todoapp10265905.appspot.com\"}","GCLOUD_PROJECT":"todoapp10265905","EVENTARC_CLOUD_EVENT_SOURCE":"projects/todoapp10265905/locations/us-central1/functions/app"},"runtime":"nodejs10","buildEnvironmentVariables":{"GOOGLE_NODE_RUN_SCRIPTS":""},"dockerRegistry":"ARTIFACT_REGISTRY"},"versionId":"1","updateTime":"2024-03-25T00:09:22Z"}}
[debug] [2024-03-25T00:09:21.752Z] [create-default-us-central1-app] Retrying task index 0
[debug] [2024-03-25T00:09:21.753Z] >>> [apiv2][query] GET https://cloudfunctions.googleapis.com/v1/operations/dG9kb2FwcDEwMjY1OTA1L3VzLWNlbnRyYWwxL2FwcC9jLUtMSUZXNjhkSQ [none]
[debug] [2024-03-25T00:09:21.974Z] <<< [apiv2][status] GET https://cloudfunctions.googleapis.com/v1/operations/dG9kb2FwcDEwMjY1OTA1L3VzLWNlbnRyYWwxL2FwcC9jLUtMSUZXNjhkSQ 200
[debug] [2024-03-25T00:09:21.975Z] <<< [apiv2][body] GET https://cloudfunctions.googleapis.com/v1/operations/dG9kb2FwcDEwMjY1OTA1L3VzLWNlbnRyYWwxL2FwcC9jLUtMSUZXNjhkSQ {"name":"operations/dG9kb2FwcDEwMjY1OTA1L3VzLWNlbnRyYWwxL2FwcC9jLUtMSUZXNjhkSQ","metadata":{"@type":"type.googleapis.com/google.cloud.functions.v1.OperationMetadataV1","target":"projects/todoapp10265905/locations/us-central1/functions/app","type":"CREATE_FUNCTION","request":{"@type":"type.googleapis.com/google.cloud.functions.v1.CloudFunction","name":"projects/todoapp10265905/locations/us-central1/functions/app","httpsTrigger":{"securityLevel":"SECURE_ALWAYS"},"entryPoint":"app","labels":{"deployment-tool":"cli-firebase","firebase-functions-hash":"7fd2d42b08146f96063239fc60640bfb2ebb6f57"},"sourceUploadUrl":"https://storage.googleapis.com/uploads-727318940885.us-central1.cloudfunctions.appspot.com/d99c1a14-69ff-44fd-b83a-5f0fd62f6e7f.zip?GoogleAccessId=service-572090077515@gcf-admin-robot.iam.gserviceaccount.com&Expires=1711327158&Signature=PRtDw%2F%2BdeEVDYb6cTyh7ecFwElpjvmS%2Bx2WihgYy8efUncGLOJesDfoa7Jfn%2Bxk4mRCi6rAfvqNo5l4IJ5%2FomDsCHX1o5a96cMQ1N%2FVMP4KRQpCwXIsGOUvUJhZcpCkxJEKtnLKN3SoeLijNMx8nw03Ejgy5xlvxb3zTxC9rbIL16AmUkKjGQcdMPDGb0j6p%2F4dRnJPXcZONn%2Futco050%2F4azEofuBFPHzfCJ0aqACaZRoesvLGJB%2BazdWgEYeF8A%2Fuemh3zCEQPAi6sGXAi%2Fihy5K1fMyTmYt46bL4wPKxPNss4KMcUZ6sdWG69tdS1Z61hvlH9LOVxZtwXHrQWYg%3D%3D","environmentVariables":{"DB_USER":"mcvasquezas","DB_PASSWORD":"mxyOOwuiBR62jK9t","DB_SERVER":"cluster0.r5v72vh.mongodb.net","DB_NAME":"mydatabase","FIREBASE_CONFIG":"{\"projectId\":\"todoapp10265905\",\"storageBucket\":\"todoapp10265905.appspot.com\"}","GCLOUD_PROJECT":"todoapp10265905","EVENTARC_CLOUD_EVENT_SOURCE":"projects/todoapp10265905/locations/us-central1/functions/app"},"runtime":"nodejs10","buildEnvironmentVariables":{"GOOGLE_NODE_RUN_SCRIPTS":""},"dockerRegistry":"ARTIFACT_REGISTRY"},"versionId":"1","updateTime":"2024-03-25T00:09:22Z"}}
[debug] [2024-03-25T00:09:22.990Z] [create-default-us-central1-app] Retrying task index 0
[debug] [2024-03-25T00:09:22.991Z] >>> [apiv2][query] GET https://cloudfunctions.googleapis.com/v1/operations/dG9kb2FwcDEwMjY1OTA1L3VzLWNlbnRyYWwxL2FwcC9jLUtMSUZXNjhkSQ [none]
[debug] [2024-03-25T00:09:23.183Z] <<< [apiv2][status] GET https://cloudfunctions.googleapis.com/v1/operations/dG9kb2FwcDEwMjY1OTA1L3VzLWNlbnRyYWwxL2FwcC9jLUtMSUZXNjhkSQ 200
[debug] [2024-03-25T00:09:23.183Z] <<< [apiv2][body] GET https://cloudfunctions.googleapis.com/v1/operations/dG9kb2FwcDEwMjY1OTA1L3VzLWNlbnRyYWwxL2FwcC9jLUtMSUZXNjhkSQ {"name":"operations/dG9kb2FwcDEwMjY1OTA1L3VzLWNlbnRyYWwxL2FwcC9jLUtMSUZXNjhkSQ","metadata":{"@type":"type.googleapis.com/google.cloud.functions.v1.OperationMetadataV1","target":"projects/todoapp10265905/locations/us-central1/functions/app","type":"CREATE_FUNCTION","request":{"@type":"type.googleapis.com/google.cloud.functions.v1.CloudFunction","name":"projects/todoapp10265905/locations/us-central1/functions/app","httpsTrigger":{"securityLevel":"SECURE_ALWAYS"},"entryPoint":"app","labels":{"deployment-tool":"cli-firebase","firebase-functions-hash":"7fd2d42b08146f96063239fc60640bfb2ebb6f57"},"sourceUploadUrl":"https://storage.googleapis.com/uploads-727318940885.us-central1.cloudfunctions.appspot.com/d99c1a14-69ff-44fd-b83a-5f0fd62f6e7f.zip?GoogleAccessId=service-572090077515@gcf-admin-robot.iam.gserviceaccount.com&Expires=1711327158&Signature=PRtDw%2F%2BdeEVDYb6cTyh7ecFwElpjvmS%2Bx2WihgYy8efUncGLOJesDfoa7Jfn%2Bxk4mRCi6rAfvqNo5l4IJ5%2FomDsCHX1o5a96cMQ1N%2FVMP4KRQpCwXIsGOUvUJhZcpCkxJEKtnLKN3SoeLijNMx8nw03Ejgy5xlvxb3zTxC9rbIL16AmUkKjGQcdMPDGb0j6p%2F4dRnJPXcZONn%2Futco050%2F4azEofuBFPHzfCJ0aqACaZRoesvLGJB%2BazdWgEYeF8A%2Fuemh3zCEQPAi6sGXAi%2Fihy5K1fMyTmYt46bL4wPKxPNss4KMcUZ6sdWG69tdS1Z61hvlH9LOVxZtwXHrQWYg%3D%3D","environmentVariables":{"DB_USER":"mcvasquezas","DB_PASSWORD":"mxyOOwuiBR62jK9t","DB_SERVER":"cluster0.r5v72vh.mongodb.net","DB_NAME":"mydatabase","FIREBASE_CONFIG":"{\"projectId\":\"todoapp10265905\",\"storageBucket\":\"todoapp10265905.appspot.com\"}","GCLOUD_PROJECT":"todoapp10265905","EVENTARC_CLOUD_EVENT_SOURCE":"projects/todoapp10265905/locations/us-central1/functions/app"},"runtime":"nodejs10","buildEnvironmentVariables":{"GOOGLE_NODE_RUN_SCRIPTS":""},"dockerRegistry":"ARTIFACT_REGISTRY"},"versionId":"1","updateTime":"2024-03-25T00:09:22Z"}}
[debug] [2024-03-25T00:09:25.185Z] [create-default-us-central1-app] Retrying task index 0
[debug] [2024-03-25T00:09:25.186Z] >>> [apiv2][query] GET https://cloudfunctions.googleapis.com/v1/operations/dG9kb2FwcDEwMjY1OTA1L3VzLWNlbnRyYWwxL2FwcC9jLUtMSUZXNjhkSQ [none]
[debug] [2024-03-25T00:09:25.441Z] <<< [apiv2][status] GET https://cloudfunctions.googleapis.com/v1/operations/dG9kb2FwcDEwMjY1OTA1L3VzLWNlbnRyYWwxL2FwcC9jLUtMSUZXNjhkSQ 200
[debug] [2024-03-25T00:09:25.441Z] <<< [apiv2][body] GET https://cloudfunctions.googleapis.com/v1/operations/dG9kb2FwcDEwMjY1OTA1L3VzLWNlbnRyYWwxL2FwcC9jLUtMSUZXNjhkSQ {"name":"operations/dG9kb2FwcDEwMjY1OTA1L3VzLWNlbnRyYWwxL2FwcC9jLUtMSUZXNjhkSQ","metadata":{"@type":"type.googleapis.com/google.cloud.functions.v1.OperationMetadataV1","target":"projects/todoapp10265905/locations/us-central1/functions/app","type":"CREATE_FUNCTION","request":{"@type":"type.googleapis.com/google.cloud.functions.v1.CloudFunction","name":"projects/todoapp10265905/locations/us-central1/functions/app","httpsTrigger":{"securityLevel":"SECURE_ALWAYS"},"entryPoint":"app","labels":{"deployment-tool":"cli-firebase","firebase-functions-hash":"7fd2d42b08146f96063239fc60640bfb2ebb6f57"},"sourceUploadUrl":"https://storage.googleapis.com/uploads-727318940885.us-central1.cloudfunctions.appspot.com/d99c1a14-69ff-44fd-b83a-5f0fd62f6e7f.zip?GoogleAccessId=service-572090077515@gcf-admin-robot.iam.gserviceaccount.com&Expires=1711327158&Signature=PRtDw%2F%2BdeEVDYb6cTyh7ecFwElpjvmS%2Bx2WihgYy8efUncGLOJesDfoa7Jfn%2Bxk4mRCi6rAfvqNo5l4IJ5%2FomDsCHX1o5a96cMQ1N%2FVMP4KRQpCwXIsGOUvUJhZcpCkxJEKtnLKN3SoeLijNMx8nw03Ejgy5xlvxb3zTxC9rbIL16AmUkKjGQcdMPDGb0j6p%2F4dRnJPXcZONn%2Futco050%2F4azEofuBFPHzfCJ0aqACaZRoesvLGJB%2BazdWgEYeF8A%2Fuemh3zCEQPAi6sGXAi%2Fihy5K1fMyTmYt46bL4wPKxPNss4KMcUZ6sdWG69tdS1Z61hvlH9LOVxZtwXHrQWYg%3D%3D","environmentVariables":{"DB_USER":"mcvasquezas","DB_PASSWORD":"mxyOOwuiBR62jK9t","DB_SERVER":"cluster0.r5v72vh.mongodb.net","DB_NAME":"mydatabase","FIREBASE_CONFIG":"{\"projectId\":\"todoapp10265905\",\"storageBucket\":\"todoapp10265905.appspot.com\"}","GCLOUD_PROJECT":"todoapp10265905","EVENTARC_CLOUD_EVENT_SOURCE":"projects/todoapp10265905/locations/us-central1/functions/app"},"runtime":"nodejs10","buildEnvironmentVariables":{"GOOGLE_NODE_RUN_SCRIPTS":""},"dockerRegistry":"ARTIFACT_REGISTRY"},"versionId":"1","updateTime":"2024-03-25T00:09:22Z"}}
[debug] [2024-03-25T00:09:29.450Z] [create-default-us-central1-app] Retrying task index 0
[debug] [2024-03-25T00:09:29.451Z] >>> [apiv2][query] GET https://cloudfunctions.googleapis.com/v1/operations/dG9kb2FwcDEwMjY1OTA1L3VzLWNlbnRyYWwxL2FwcC9jLUtMSUZXNjhkSQ [none]
[debug] [2024-03-25T00:09:29.654Z] <<< [apiv2][status] GET https://cloudfunctions.googleapis.com/v1/operations/dG9kb2FwcDEwMjY1OTA1L3VzLWNlbnRyYWwxL2FwcC9jLUtMSUZXNjhkSQ 200
[debug] [2024-03-25T00:09:29.655Z] <<< [apiv2][body] GET https://cloudfunctions.googleapis.com/v1/operations/dG9kb2FwcDEwMjY1OTA1L3VzLWNlbnRyYWwxL2FwcC9jLUtMSUZXNjhkSQ {"name":"operations/dG9kb2FwcDEwMjY1OTA1L3VzLWNlbnRyYWwxL2FwcC9jLUtMSUZXNjhkSQ","metadata":{"@type":"type.googleapis.com/google.cloud.functions.v1.OperationMetadataV1","target":"projects/todoapp10265905/locations/us-central1/functions/app","type":"CREATE_FUNCTION","request":{"@type":"type.googleapis.com/google.cloud.functions.v1.CloudFunction","name":"projects/todoapp10265905/locations/us-central1/functions/app","httpsTrigger":{"securityLevel":"SECURE_ALWAYS"},"entryPoint":"app","labels":{"deployment-tool":"cli-firebase","firebase-functions-hash":"7fd2d42b08146f96063239fc60640bfb2ebb6f57"},"sourceUploadUrl":"https://storage.googleapis.com/uploads-727318940885.us-central1.cloudfunctions.appspot.com/d99c1a14-69ff-44fd-b83a-5f0fd62f6e7f.zip?GoogleAccessId=service-572090077515@gcf-admin-robot.iam.gserviceaccount.com&Expires=1711327158&Signature=PRtDw%2F%2BdeEVDYb6cTyh7ecFwElpjvmS%2Bx2WihgYy8efUncGLOJesDfoa7Jfn%2Bxk4mRCi6rAfvqNo5l4IJ5%2FomDsCHX1o5a96cMQ1N%2FVMP4KRQpCwXIsGOUvUJhZcpCkxJEKtnLKN3SoeLijNMx8nw03Ejgy5xlvxb3zTxC9rbIL16AmUkKjGQcdMPDGb0j6p%2F4dRnJPXcZONn%2Futco050%2F4azEofuBFPHzfCJ0aqACaZRoesvLGJB%2BazdWgEYeF8A%2Fuemh3zCEQPAi6sGXAi%2Fihy5K1fMyTmYt46bL4wPKxPNss4KMcUZ6sdWG69tdS1Z61hvlH9LOVxZtwXHrQWYg%3D%3D","environmentVariables":{"DB_USER":"mcvasquezas","DB_PASSWORD":"mxyOOwuiBR62jK9t","DB_SERVER":"cluster0.r5v72vh.mongodb.net","DB_NAME":"mydatabase","FIREBASE_CONFIG":"{\"projectId\":\"todoapp10265905\",\"storageBucket\":\"todoapp10265905.appspot.com\"}","GCLOUD_PROJECT":"todoapp10265905","EVENTARC_CLOUD_EVENT_SOURCE":"projects/todoapp10265905/locations/us-central1/functions/app"},"runtime":"nodejs10","buildEnvironmentVariables":{"GOOGLE_NODE_RUN_SCRIPTS":""},"dockerRegistry":"ARTIFACT_REGISTRY"},"versionId":"1","updateTime":"2024-03-25T00:09:22Z"}}
[debug] [2024-03-25T00:09:37.664Z] [create-default-us-central1-app] Retrying task index 0
[debug] [2024-03-25T00:09:37.669Z] >>> [apiv2][query] GET https://cloudfunctions.googleapis.com/v1/operations/dG9kb2FwcDEwMjY1OTA1L3VzLWNlbnRyYWwxL2FwcC9jLUtMSUZXNjhkSQ [none]
[debug] [2024-03-25T00:09:37.971Z] <<< [apiv2][status] GET https://cloudfunctions.googleapis.com/v1/operations/dG9kb2FwcDEwMjY1OTA1L3VzLWNlbnRyYWwxL2FwcC9jLUtMSUZXNjhkSQ 200
[debug] [2024-03-25T00:09:37.972Z] <<< [apiv2][body] GET https://cloudfunctions.googleapis.com/v1/operations/dG9kb2FwcDEwMjY1OTA1L3VzLWNlbnRyYWwxL2FwcC9jLUtMSUZXNjhkSQ {"name":"operations/dG9kb2FwcDEwMjY1OTA1L3VzLWNlbnRyYWwxL2FwcC9jLUtMSUZXNjhkSQ","metadata":{"@type":"type.googleapis.com/google.cloud.functions.v1.OperationMetadataV1","target":"projects/todoapp10265905/locations/us-central1/functions/app","type":"CREATE_FUNCTION","request":{"@type":"type.googleapis.com/google.cloud.functions.v1.CloudFunction","name":"projects/todoapp10265905/locations/us-central1/functions/app","httpsTrigger":{"securityLevel":"SECURE_ALWAYS"},"entryPoint":"app","labels":{"deployment-tool":"cli-firebase","firebase-functions-hash":"7fd2d42b08146f96063239fc60640bfb2ebb6f57"},"sourceUploadUrl":"https://storage.googleapis.com/uploads-727318940885.us-central1.cloudfunctions.appspot.com/d99c1a14-69ff-44fd-b83a-5f0fd62f6e7f.zip?GoogleAccessId=service-572090077515@gcf-admin-robot.iam.gserviceaccount.com&Expires=1711327158&Signature=PRtDw%2F%2BdeEVDYb6cTyh7ecFwElpjvmS%2Bx2WihgYy8efUncGLOJesDfoa7Jfn%2Bxk4mRCi6rAfvqNo5l4IJ5%2FomDsCHX1o5a96cMQ1N%2FVMP4KRQpCwXIsGOUvUJhZcpCkxJEKtnLKN3SoeLijNMx8nw03Ejgy5xlvxb3zTxC9rbIL16AmUkKjGQcdMPDGb0j6p%2F4dRnJPXcZONn%2Futco050%2F4azEofuBFPHzfCJ0aqACaZRoesvLGJB%2BazdWgEYeF8A%2Fuemh3zCEQPAi6sGXAi%2Fihy5K1fMyTmYt46bL4wPKxPNss4KMcUZ6sdWG69tdS1Z61hvlH9LOVxZtwXHrQWYg%3D%3D","environmentVariables":{"DB_USER":"mcvasquezas","DB_PASSWORD":"mxyOOwuiBR62jK9t","DB_SERVER":"cluster0.r5v72vh.mongodb.net","DB_NAME":"mydatabase","FIREBASE_CONFIG":"{\"projectId\":\"todoapp10265905\",\"storageBucket\":\"todoapp10265905.appspot.com\"}","GCLOUD_PROJECT":"todoapp10265905","EVENTARC_CLOUD_EVENT_SOURCE":"projects/todoapp10265905/locations/us-central1/functions/app"},"runtime":"nodejs10","buildEnvironmentVariables":{"GOOGLE_NODE_RUN_SCRIPTS":""},"dockerRegistry":"ARTIFACT_REGISTRY"},"versionId":"1","updateTime":"2024-03-25T00:09:22Z","buildId":"a27ed976-50b5-43a0-addb-f63bc5003c20","buildName":"projects/572090077515/locations/us-central1/builds/a27ed976-50b5-43a0-addb-f63bc5003c20"}}
[debug] [2024-03-25T00:09:47.987Z] [create-default-us-central1-app] Retrying task index 0
[debug] [2024-03-25T00:09:47.988Z] >>> [apiv2][query] GET https://cloudfunctions.googleapis.com/v1/operations/dG9kb2FwcDEwMjY1OTA1L3VzLWNlbnRyYWwxL2FwcC9jLUtMSUZXNjhkSQ [none]
[debug] [2024-03-25T00:09:48.300Z] <<< [apiv2][status] GET https://cloudfunctions.googleapis.com/v1/operations/dG9kb2FwcDEwMjY1OTA1L3VzLWNlbnRyYWwxL2FwcC9jLUtMSUZXNjhkSQ 200
[debug] [2024-03-25T00:09:48.300Z] <<< [apiv2][body] GET https://cloudfunctions.googleapis.com/v1/operations/dG9kb2FwcDEwMjY1OTA1L3VzLWNlbnRyYWwxL2FwcC9jLUtMSUZXNjhkSQ {"name":"operations/dG9kb2FwcDEwMjY1OTA1L3VzLWNlbnRyYWwxL2FwcC9jLUtMSUZXNjhkSQ","metadata":{"@type":"type.googleapis.com/google.cloud.functions.v1.OperationMetadataV1","target":"projects/todoapp10265905/locations/us-central1/functions/app","type":"CREATE_FUNCTION","request":{"@type":"type.googleapis.com/google.cloud.functions.v1.CloudFunction","name":"projects/todoapp10265905/locations/us-central1/functions/app","httpsTrigger":{"securityLevel":"SECURE_ALWAYS"},"entryPoint":"app","labels":{"deployment-tool":"cli-firebase","firebase-functions-hash":"7fd2d42b08146f96063239fc60640bfb2ebb6f57"},"sourceUploadUrl":"https://storage.googleapis.com/uploads-727318940885.us-central1.cloudfunctions.appspot.com/d99c1a14-69ff-44fd-b83a-5f0fd62f6e7f.zip?GoogleAccessId=service-572090077515@gcf-admin-robot.iam.gserviceaccount.com&Expires=1711327158&Signature=PRtDw%2F%2BdeEVDYb6cTyh7ecFwElpjvmS%2Bx2WihgYy8efUncGLOJesDfoa7Jfn%2Bxk4mRCi6rAfvqNo5l4IJ5%2FomDsCHX1o5a96cMQ1N%2FVMP4KRQpCwXIsGOUvUJhZcpCkxJEKtnLKN3SoeLijNMx8nw03Ejgy5xlvxb3zTxC9rbIL16AmUkKjGQcdMPDGb0j6p%2F4dRnJPXcZONn%2Futco050%2F4azEofuBFPHzfCJ0aqACaZRoesvLGJB%2BazdWgEYeF8A%2Fuemh3zCEQPAi6sGXAi%2Fihy5K1fMyTmYt46bL4wPKxPNss4KMcUZ6sdWG69tdS1Z61hvlH9LOVxZtwXHrQWYg%3D%3D","environmentVariables":{"DB_USER":"mcvasquezas","DB_PASSWORD":"mxyOOwuiBR62jK9t","DB_SERVER":"cluster0.r5v72vh.mongodb.net","DB_NAME":"mydatabase","FIREBASE_CONFIG":"{\"projectId\":\"todoapp10265905\",\"storageBucket\":\"todoapp10265905.appspot.com\"}","GCLOUD_PROJECT":"todoapp10265905","EVENTARC_CLOUD_EVENT_SOURCE":"projects/todoapp10265905/locations/us-central1/functions/app"},"runtime":"nodejs10","buildEnvironmentVariables":{"GOOGLE_NODE_RUN_SCRIPTS":""},"dockerRegistry":"ARTIFACT_REGISTRY"},"versionId":"1","updateTime":"2024-03-25T00:09:22Z","buildId":"a27ed976-50b5-43a0-addb-f63bc5003c20","buildName":"projects/572090077515/locations/us-central1/builds/a27ed976-50b5-43a0-addb-f63bc5003c20"}}
[debug] [2024-03-25T00:09:58.305Z] [create-default-us-central1-app] Retrying task index 0
[debug] [2024-03-25T00:09:58.306Z] >>> [apiv2][query] GET https://cloudfunctions.googleapis.com/v1/operations/dG9kb2FwcDEwMjY1OTA1L3VzLWNlbnRyYWwxL2FwcC9jLUtMSUZXNjhkSQ [none]
[debug] [2024-03-25T00:09:58.578Z] <<< [apiv2][status] GET https://cloudfunctions.googleapis.com/v1/operations/dG9kb2FwcDEwMjY1OTA1L3VzLWNlbnRyYWwxL2FwcC9jLUtMSUZXNjhkSQ 200
[debug] [2024-03-25T00:09:58.578Z] <<< [apiv2][body] GET https://cloudfunctions.googleapis.com/v1/operations/dG9kb2FwcDEwMjY1OTA1L3VzLWNlbnRyYWwxL2FwcC9jLUtMSUZXNjhkSQ {"name":"operations/dG9kb2FwcDEwMjY1OTA1L3VzLWNlbnRyYWwxL2FwcC9jLUtMSUZXNjhkSQ","metadata":{"@type":"type.googleapis.com/google.cloud.functions.v1.OperationMetadataV1","target":"projects/todoapp10265905/locations/us-central1/functions/app","type":"CREATE_FUNCTION","request":{"@type":"type.googleapis.com/google.cloud.functions.v1.CloudFunction","name":"projects/todoapp10265905/locations/us-central1/functions/app","httpsTrigger":{"securityLevel":"SECURE_ALWAYS"},"entryPoint":"app","labels":{"deployment-tool":"cli-firebase","firebase-functions-hash":"7fd2d42b08146f96063239fc60640bfb2ebb6f57"},"sourceUploadUrl":"https://storage.googleapis.com/uploads-727318940885.us-central1.cloudfunctions.appspot.com/d99c1a14-69ff-44fd-b83a-5f0fd62f6e7f.zip?GoogleAccessId=service-572090077515@gcf-admin-robot.iam.gserviceaccount.com&Expires=1711327158&Signature=PRtDw%2F%2BdeEVDYb6cTyh7ecFwElpjvmS%2Bx2WihgYy8efUncGLOJesDfoa7Jfn%2Bxk4mRCi6rAfvqNo5l4IJ5%2FomDsCHX1o5a96cMQ1N%2FVMP4KRQpCwXIsGOUvUJhZcpCkxJEKtnLKN3SoeLijNMx8nw03Ejgy5xlvxb3zTxC9rbIL16AmUkKjGQcdMPDGb0j6p%2F4dRnJPXcZONn%2Futco050%2F4azEofuBFPHzfCJ0aqACaZRoesvLGJB%2BazdWgEYeF8A%2Fuemh3zCEQPAi6sGXAi%2Fihy5K1fMyTmYt46bL4wPKxPNss4KMcUZ6sdWG69tdS1Z61hvlH9LOVxZtwXHrQWYg%3D%3D","environmentVariables":{"DB_USER":"mcvasquezas","DB_PASSWORD":"mxyOOwuiBR62jK9t","DB_SERVER":"cluster0.r5v72vh.mongodb.net","DB_NAME":"mydatabase","FIREBASE_CONFIG":"{\"projectId\":\"todoapp10265905\",\"storageBucket\":\"todoapp10265905.appspot.com\"}","GCLOUD_PROJECT":"todoapp10265905","EVENTARC_CLOUD_EVENT_SOURCE":"projects/todoapp10265905/locations/us-central1/functions/app"},"runtime":"nodejs10","buildEnvironmentVariables":{"GOOGLE_NODE_RUN_SCRIPTS":""},"dockerRegistry":"ARTIFACT_REGISTRY"},"versionId":"1","updateTime":"2024-03-25T00:09:22Z","buildId":"a27ed976-50b5-43a0-addb-f63bc5003c20","buildName":"projects/572090077515/locations/us-central1/builds/a27ed976-50b5-43a0-addb-f63bc5003c20"}}
[debug] [2024-03-25T00:10:08.586Z] [create-default-us-central1-app] Retrying task index 0
[debug] [2024-03-25T00:10:08.587Z] >>> [apiv2][query] GET https://cloudfunctions.googleapis.com/v1/operations/dG9kb2FwcDEwMjY1OTA1L3VzLWNlbnRyYWwxL2FwcC9jLUtMSUZXNjhkSQ [none]
[debug] [2024-03-25T00:10:09.383Z] <<< [apiv2][status] GET https://cloudfunctions.googleapis.com/v1/operations/dG9kb2FwcDEwMjY1OTA1L3VzLWNlbnRyYWwxL2FwcC9jLUtMSUZXNjhkSQ 200
[debug] [2024-03-25T00:10:09.384Z] <<< [apiv2][body] GET https://cloudfunctions.googleapis.com/v1/operations/dG9kb2FwcDEwMjY1OTA1L3VzLWNlbnRyYWwxL2FwcC9jLUtMSUZXNjhkSQ {"name":"operations/dG9kb2FwcDEwMjY1OTA1L3VzLWNlbnRyYWwxL2FwcC9jLUtMSUZXNjhkSQ","metadata":{"@type":"type.googleapis.com/google.cloud.functions.v1.OperationMetadataV1","target":"projects/todoapp10265905/locations/us-central1/functions/app","type":"CREATE_FUNCTION","request":{"@type":"type.googleapis.com/google.cloud.functions.v1.CloudFunction","name":"projects/todoapp10265905/locations/us-central1/functions/app","httpsTrigger":{"securityLevel":"SECURE_ALWAYS"},"entryPoint":"app","labels":{"deployment-tool":"cli-firebase","firebase-functions-hash":"7fd2d42b08146f96063239fc60640bfb2ebb6f57"},"sourceUploadUrl":"https://storage.googleapis.com/uploads-727318940885.us-central1.cloudfunctions.appspot.com/d99c1a14-69ff-44fd-b83a-5f0fd62f6e7f.zip?GoogleAccessId=service-572090077515@gcf-admin-robot.iam.gserviceaccount.com&Expires=1711327158&Signature=PRtDw%2F%2BdeEVDYb6cTyh7ecFwElpjvmS%2Bx2WihgYy8efUncGLOJesDfoa7Jfn%2Bxk4mRCi6rAfvqNo5l4IJ5%2FomDsCHX1o5a96cMQ1N%2FVMP4KRQpCwXIsGOUvUJhZcpCkxJEKtnLKN3SoeLijNMx8nw03Ejgy5xlvxb3zTxC9rbIL16AmUkKjGQcdMPDGb0j6p%2F4dRnJPXcZONn%2Futco050%2F4azEofuBFPHzfCJ0aqACaZRoesvLGJB%2BazdWgEYeF8A%2Fuemh3zCEQPAi6sGXAi%2Fihy5K1fMyTmYt46bL4wPKxPNss4KMcUZ6sdWG69tdS1Z61hvlH9LOVxZtwXHrQWYg%3D%3D","environmentVariables":{"DB_USER":"mcvasquezas","DB_PASSWORD":"mxyOOwuiBR62jK9t","DB_SERVER":"cluster0.r5v72vh.mongodb.net","DB_NAME":"mydatabase","FIREBASE_CONFIG":"{\"projectId\":\"todoapp10265905\",\"storageBucket\":\"todoapp10265905.appspot.com\"}","GCLOUD_PROJECT":"todoapp10265905","EVENTARC_CLOUD_EVENT_SOURCE":"projects/todoapp10265905/locations/us-central1/functions/app"},"runtime":"nodejs10","buildEnvironmentVariables":{"GOOGLE_NODE_RUN_SCRIPTS":""},"dockerRegistry":"ARTIFACT_REGISTRY"},"versionId":"1","updateTime":"2024-03-25T00:09:22Z","buildId":"a27ed976-50b5-43a0-addb-f63bc5003c20","buildName":"projects/572090077515/locations/us-central1/builds/a27ed976-50b5-43a0-addb-f63bc5003c20"}}
[debug] [2024-03-25T00:10:19.390Z] [create-default-us-central1-app] Retrying task index 0
[debug] [2024-03-25T00:10:19.391Z] >>> [apiv2][query] GET https://cloudfunctions.googleapis.com/v1/operations/dG9kb2FwcDEwMjY1OTA1L3VzLWNlbnRyYWwxL2FwcC9jLUtMSUZXNjhkSQ [none]
[debug] [2024-03-25T00:10:19.711Z] <<< [apiv2][status] GET https://cloudfunctions.googleapis.com/v1/operations/dG9kb2FwcDEwMjY1OTA1L3VzLWNlbnRyYWwxL2FwcC9jLUtMSUZXNjhkSQ 200
[debug] [2024-03-25T00:10:19.712Z] <<< [apiv2][body] GET https://cloudfunctions.googleapis.com/v1/operations/dG9kb2FwcDEwMjY1OTA1L3VzLWNlbnRyYWwxL2FwcC9jLUtMSUZXNjhkSQ {"name":"operations/dG9kb2FwcDEwMjY1OTA1L3VzLWNlbnRyYWwxL2FwcC9jLUtMSUZXNjhkSQ","metadata":{"@type":"type.googleapis.com/google.cloud.functions.v1.OperationMetadataV1","target":"projects/todoapp10265905/locations/us-central1/functions/app","type":"CREATE_FUNCTION","request":{"@type":"type.googleapis.com/google.cloud.functions.v1.CloudFunction","name":"projects/todoapp10265905/locations/us-central1/functions/app","httpsTrigger":{"securityLevel":"SECURE_ALWAYS"},"entryPoint":"app","labels":{"deployment-tool":"cli-firebase","firebase-functions-hash":"7fd2d42b08146f96063239fc60640bfb2ebb6f57"},"sourceUploadUrl":"https://storage.googleapis.com/uploads-727318940885.us-central1.cloudfunctions.appspot.com/d99c1a14-69ff-44fd-b83a-5f0fd62f6e7f.zip?GoogleAccessId=service-572090077515@gcf-admin-robot.iam.gserviceaccount.com&Expires=1711327158&Signature=PRtDw%2F%2BdeEVDYb6cTyh7ecFwElpjvmS%2Bx2WihgYy8efUncGLOJesDfoa7Jfn%2Bxk4mRCi6rAfvqNo5l4IJ5%2FomDsCHX1o5a96cMQ1N%2FVMP4KRQpCwXIsGOUvUJhZcpCkxJEKtnLKN3SoeLijNMx8nw03Ejgy5xlvxb3zTxC9rbIL16AmUkKjGQcdMPDGb0j6p%2F4dRnJPXcZONn%2Futco050%2F4azEofuBFPHzfCJ0aqACaZRoesvLGJB%2BazdWgEYeF8A%2Fuemh3zCEQPAi6sGXAi%2Fihy5K1fMyTmYt46bL4wPKxPNss4KMcUZ6sdWG69tdS1Z61hvlH9LOVxZtwXHrQWYg%3D%3D","environmentVariables":{"DB_USER":"mcvasquezas","DB_PASSWORD":"mxyOOwuiBR62jK9t","DB_SERVER":"cluster0.r5v72vh.mongodb.net","DB_NAME":"mydatabase","FIREBASE_CONFIG":"{\"projectId\":\"todoapp10265905\",\"storageBucket\":\"todoapp10265905.appspot.com\"}","GCLOUD_PROJECT":"todoapp10265905","EVENTARC_CLOUD_EVENT_SOURCE":"projects/todoapp10265905/locations/us-central1/functions/app"},"runtime":"nodejs10","buildEnvironmentVariables":{"GOOGLE_NODE_RUN_SCRIPTS":""},"dockerRegistry":"ARTIFACT_REGISTRY"},"versionId":"1","updateTime":"2024-03-25T00:09:22Z","buildId":"a27ed976-50b5-43a0-addb-f63bc5003c20","sourceToken":"d345771b-ab9d-4a6c-9dbf-1e2f42599f48","buildName":"projects/572090077515/locations/us-central1/builds/a27ed976-50b5-43a0-addb-f63bc5003c20"}}
[debug] [2024-03-25T00:10:19.712Z] Got source token d345771b-ab9d-4a6c-9dbf-1e2f42599f48 for region us-central1
[debug] [2024-03-25T00:10:29.716Z] [create-default-us-central1-app] Retrying task index 0
[debug] [2024-03-25T00:10:29.717Z] >>> [apiv2][query] GET https://cloudfunctions.googleapis.com/v1/operations/dG9kb2FwcDEwMjY1OTA1L3VzLWNlbnRyYWwxL2FwcC9jLUtMSUZXNjhkSQ [none]
[debug] [2024-03-25T00:10:29.991Z] <<< [apiv2][status] GET https://cloudfunctions.googleapis.com/v1/operations/dG9kb2FwcDEwMjY1OTA1L3VzLWNlbnRyYWwxL2FwcC9jLUtMSUZXNjhkSQ 200
[debug] [2024-03-25T00:10:29.991Z] <<< [apiv2][body] GET https://cloudfunctions.googleapis.com/v1/operations/dG9kb2FwcDEwMjY1OTA1L3VzLWNlbnRyYWwxL2FwcC9jLUtMSUZXNjhkSQ {"name":"operations/dG9kb2FwcDEwMjY1OTA1L3VzLWNlbnRyYWwxL2FwcC9jLUtMSUZXNjhkSQ","metadata":{"@type":"type.googleapis.com/google.cloud.functions.v1.OperationMetadataV1","target":"projects/todoapp10265905/locations/us-central1/functions/app","type":"CREATE_FUNCTION","request":{"@type":"type.googleapis.com/google.cloud.functions.v1.CloudFunction","name":"projects/todoapp10265905/locations/us-central1/functions/app","httpsTrigger":{"securityLevel":"SECURE_ALWAYS"},"entryPoint":"app","labels":{"deployment-tool":"cli-firebase","firebase-functions-hash":"7fd2d42b08146f96063239fc60640bfb2ebb6f57"},"sourceUploadUrl":"https://storage.googleapis.com/uploads-727318940885.us-central1.cloudfunctions.appspot.com/d99c1a14-69ff-44fd-b83a-5f0fd62f6e7f.zip?GoogleAccessId=service-572090077515@gcf-admin-robot.iam.gserviceaccount.com&Expires=1711327158&Signature=PRtDw%2F%2BdeEVDYb6cTyh7ecFwElpjvmS%2Bx2WihgYy8efUncGLOJesDfoa7Jfn%2Bxk4mRCi6rAfvqNo5l4IJ5%2FomDsCHX1o5a96cMQ1N%2FVMP4KRQpCwXIsGOUvUJhZcpCkxJEKtnLKN3SoeLijNMx8nw03Ejgy5xlvxb3zTxC9rbIL16AmUkKjGQcdMPDGb0j6p%2F4dRnJPXcZONn%2Futco050%2F4azEofuBFPHzfCJ0aqACaZRoesvLGJB%2BazdWgEYeF8A%2Fuemh3zCEQPAi6sGXAi%2Fihy5K1fMyTmYt46bL4wPKxPNss4KMcUZ6sdWG69tdS1Z61hvlH9LOVxZtwXHrQWYg%3D%3D","environmentVariables":{"DB_USER":"mcvasquezas","DB_PASSWORD":"mxyOOwuiBR62jK9t","DB_SERVER":"cluster0.r5v72vh.mongodb.net","DB_NAME":"mydatabase","FIREBASE_CONFIG":"{\"projectId\":\"todoapp10265905\",\"storageBucket\":\"todoapp10265905.appspot.com\"}","GCLOUD_PROJECT":"todoapp10265905","EVENTARC_CLOUD_EVENT_SOURCE":"projects/todoapp10265905/locations/us-central1/functions/app"},"runtime":"nodejs10","buildEnvironmentVariables":{"GOOGLE_NODE_RUN_SCRIPTS":""},"dockerRegistry":"ARTIFACT_REGISTRY"},"versionId":"1","updateTime":"2024-03-25T00:09:22Z","buildId":"a27ed976-50b5-43a0-addb-f63bc5003c20","sourceToken":"d345771b-ab9d-4a6c-9dbf-1e2f42599f48","buildName":"projects/572090077515/locations/us-central1/builds/a27ed976-50b5-43a0-addb-f63bc5003c20"}}
[debug] [2024-03-25T00:10:29.991Z] Got source token d345771b-ab9d-4a6c-9dbf-1e2f42599f48 for region us-central1
[debug] [2024-03-25T00:10:40.008Z] [create-default-us-central1-app] Retrying task index 0
[debug] [2024-03-25T00:10:40.008Z] >>> [apiv2][query] GET https://cloudfunctions.googleapis.com/v1/operations/dG9kb2FwcDEwMjY1OTA1L3VzLWNlbnRyYWwxL2FwcC9jLUtMSUZXNjhkSQ [none]
[debug] [2024-03-25T00:10:40.277Z] <<< [apiv2][status] GET https://cloudfunctions.googleapis.com/v1/operations/dG9kb2FwcDEwMjY1OTA1L3VzLWNlbnRyYWwxL2FwcC9jLUtMSUZXNjhkSQ 200
[debug] [2024-03-25T00:10:40.277Z] <<< [apiv2][body] GET https://cloudfunctions.googleapis.com/v1/operations/dG9kb2FwcDEwMjY1OTA1L3VzLWNlbnRyYWwxL2FwcC9jLUtMSUZXNjhkSQ {"name":"operations/dG9kb2FwcDEwMjY1OTA1L3VzLWNlbnRyYWwxL2FwcC9jLUtMSUZXNjhkSQ","metadata":{"@type":"type.googleapis.com/google.cloud.functions.v1.OperationMetadataV1","target":"projects/todoapp10265905/locations/us-central1/functions/app","type":"CREATE_FUNCTION","request":{"@type":"type.googleapis.com/google.cloud.functions.v1.CloudFunction","name":"projects/todoapp10265905/locations/us-central1/functions/app","httpsTrigger":{"securityLevel":"SECURE_ALWAYS"},"entryPoint":"app","labels":{"deployment-tool":"cli-firebase","firebase-functions-hash":"7fd2d42b08146f96063239fc60640bfb2ebb6f57"},"sourceUploadUrl":"https://storage.googleapis.com/uploads-727318940885.us-central1.cloudfunctions.appspot.com/d99c1a14-69ff-44fd-b83a-5f0fd62f6e7f.zip?GoogleAccessId=service-572090077515@gcf-admin-robot.iam.gserviceaccount.com&Expires=1711327158&Signature=PRtDw%2F%2BdeEVDYb6cTyh7ecFwElpjvmS%2Bx2WihgYy8efUncGLOJesDfoa7Jfn%2Bxk4mRCi6rAfvqNo5l4IJ5%2FomDsCHX1o5a96cMQ1N%2FVMP4KRQpCwXIsGOUvUJhZcpCkxJEKtnLKN3SoeLijNMx8nw03Ejgy5xlvxb3zTxC9rbIL16AmUkKjGQcdMPDGb0j6p%2F4dRnJPXcZONn%2Futco050%2F4azEofuBFPHzfCJ0aqACaZRoesvLGJB%2BazdWgEYeF8A%2Fuemh3zCEQPAi6sGXAi%2Fihy5K1fMyTmYt46bL4wPKxPNss4KMcUZ6sdWG69tdS1Z61hvlH9LOVxZtwXHrQWYg%3D%3D","environmentVariables":{"DB_USER":"mcvasquezas","DB_PASSWORD":"mxyOOwuiBR62jK9t","DB_SERVER":"cluster0.r5v72vh.mongodb.net","DB_NAME":"mydatabase","FIREBASE_CONFIG":"{\"projectId\":\"todoapp10265905\",\"storageBucket\":\"todoapp10265905.appspot.com\"}","GCLOUD_PROJECT":"todoapp10265905","EVENTARC_CLOUD_EVENT_SOURCE":"projects/todoapp10265905/locations/us-central1/functions/app"},"runtime":"nodejs10","buildEnvironmentVariables":{"GOOGLE_NODE_RUN_SCRIPTS":""},"dockerRegistry":"ARTIFACT_REGISTRY"},"versionId":"1","updateTime":"2024-03-25T00:09:22Z","buildId":"a27ed976-50b5-43a0-addb-f63bc5003c20","sourceToken":"d345771b-ab9d-4a6c-9dbf-1e2f42599f48","buildName":"projects/572090077515/locations/us-central1/builds/a27ed976-50b5-43a0-addb-f63bc5003c20"}}
[debug] [2024-03-25T00:10:40.277Z] Got source token d345771b-ab9d-4a6c-9dbf-1e2f42599f48 for region us-central1
[debug] [2024-03-25T00:10:50.287Z] [create-default-us-central1-app] Retrying task index 0
[debug] [2024-03-25T00:10:50.288Z] >>> [apiv2][query] GET https://cloudfunctions.googleapis.com/v1/operations/dG9kb2FwcDEwMjY1OTA1L3VzLWNlbnRyYWwxL2FwcC9jLUtMSUZXNjhkSQ [none]
[debug] [2024-03-25T00:10:50.543Z] <<< [apiv2][status] GET https://cloudfunctions.googleapis.com/v1/operations/dG9kb2FwcDEwMjY1OTA1L3VzLWNlbnRyYWwxL2FwcC9jLUtMSUZXNjhkSQ 200
[debug] [2024-03-25T00:10:50.543Z] <<< [apiv2][body] GET https://cloudfunctions.googleapis.com/v1/operations/dG9kb2FwcDEwMjY1OTA1L3VzLWNlbnRyYWwxL2FwcC9jLUtMSUZXNjhkSQ {"name":"operations/dG9kb2FwcDEwMjY1OTA1L3VzLWNlbnRyYWwxL2FwcC9jLUtMSUZXNjhkSQ","metadata":{"@type":"type.googleapis.com/google.cloud.functions.v1.OperationMetadataV1","target":"projects/todoapp10265905/locations/us-central1/functions/app","type":"CREATE_FUNCTION","request":{"@type":"type.googleapis.com/google.cloud.functions.v1.CloudFunction","name":"projects/todoapp10265905/locations/us-central1/functions/app","httpsTrigger":{"securityLevel":"SECURE_ALWAYS"},"entryPoint":"app","labels":{"deployment-tool":"cli-firebase","firebase-functions-hash":"7fd2d42b08146f96063239fc60640bfb2ebb6f57"},"sourceUploadUrl":"https://storage.googleapis.com/uploads-727318940885.us-central1.cloudfunctions.appspot.com/d99c1a14-69ff-44fd-b83a-5f0fd62f6e7f.zip?GoogleAccessId=service-572090077515@gcf-admin-robot.iam.gserviceaccount.com&Expires=1711327158&Signature=PRtDw%2F%2BdeEVDYb6cTyh7ecFwElpjvmS%2Bx2WihgYy8efUncGLOJesDfoa7Jfn%2Bxk4mRCi6rAfvqNo5l4IJ5%2FomDsCHX1o5a96cMQ1N%2FVMP4KRQpCwXIsGOUvUJhZcpCkxJEKtnLKN3SoeLijNMx8nw03Ejgy5xlvxb3zTxC9rbIL16AmUkKjGQcdMPDGb0j6p%2F4dRnJPXcZONn%2Futco050%2F4azEofuBFPHzfCJ0aqACaZRoesvLGJB%2BazdWgEYeF8A%2Fuemh3zCEQPAi6sGXAi%2Fihy5K1fMyTmYt46bL4wPKxPNss4KMcUZ6sdWG69tdS1Z61hvlH9LOVxZtwXHrQWYg%3D%3D","environmentVariables":{"DB_USER":"mcvasquezas","DB_PASSWORD":"mxyOOwuiBR62jK9t","DB_SERVER":"cluster0.r5v72vh.mongodb.net","DB_NAME":"mydatabase","FIREBASE_CONFIG":"{\"projectId\":\"todoapp10265905\",\"storageBucket\":\"todoapp10265905.appspot.com\"}","GCLOUD_PROJECT":"todoapp10265905","EVENTARC_CLOUD_EVENT_SOURCE":"projects/todoapp10265905/locations/us-central1/functions/app"},"runtime":"nodejs10","buildEnvironmentVariables":{"GOOGLE_NODE_RUN_SCRIPTS":""},"dockerRegistry":"ARTIFACT_REGISTRY"},"versionId":"1","updateTime":"2024-03-25T00:10:44Z","buildId":"a27ed976-50b5-43a0-addb-f63bc5003c20","sourceToken":"d345771b-ab9d-4a6c-9dbf-1e2f42599f48","buildName":"projects/572090077515/locations/us-central1/builds/a27ed976-50b5-43a0-addb-f63bc5003c20"},"done":true,"error":{"code":3,"message":"Function failed on loading user code. This is likely due to a bug in the user code. Error message: Provided module can't be loaded.\nIs there a syntax error in your code?\nDetailed stack trace: TypeError: async_hooks_1.AsyncLocalStorage is not a constructor\n    at Object.<anonymous> (/workspace/node_modules/firebase-functions/lib/common/trace.js:6:24)\n    at Module._compile (internal/modules/cjs/loader.js:778:30)\n    at Object.Module._extensions..js (internal/modules/cjs/loader.js:789:10)\n    at Module.load (internal/modules/cjs/loader.js:653:32)\n    at tryModuleLoad (internal/modules/cjs/loader.js:593:12)\n    at Function.Module._load (internal/modules/cjs/loader.js:585:3)\n    at Module.require (internal/modules/cjs/loader.js:692:17)\n    at require (internal/modules/cjs/helpers.js:25:18)\n    at Object.<anonymous> (/workspace/node_modules/firebase-functions/lib/logger/index.js:26:17)\n    at Module._compile (internal/modules/cjs/loader.js:778:30)\nCould not load the function, shutting down.. Please visit https://cloud.google.com/functions/docs/troubleshooting for in-depth troubleshooting documentation."}}
[debug] [2024-03-25T00:10:50.543Z] Got source token d345771b-ab9d-4a6c-9dbf-1e2f42599f48 for region us-central1
[error] Function failed on loading user code. This is likely due to a bug in the user code. Error message: Provided module can't be loaded.
Is there a syntax error in your code?
Detailed stack trace: TypeError: async_hooks_1.AsyncLocalStorage is not a constructor
    at Object.<anonymous> (/workspace/node_modules/firebase-functions/lib/common/trace.js:6:24)
    at Module._compile (internal/modules/cjs/loader.js:778:30)
    at Object.Module._extensions..js (internal/modules/cjs/loader.js:789:10)
    at Module.load (internal/modules/cjs/loader.js:653:32)
    at tryModuleLoad (internal/modules/cjs/loader.js:593:12)
    at Function.Module._load (internal/modules/cjs/loader.js:585:3)
    at Module.require (internal/modules/cjs/loader.js:692:17)
    at require (internal/modules/cjs/helpers.js:25:18)
    at Object.<anonymous> (/workspace/node_modules/firebase-functions/lib/logger/index.js:26:17)
    at Module._compile (internal/modules/cjs/loader.js:778:30)
Could not load the function, shutting down.. Please visit https://cloud.google.com/functions/docs/troubleshooting for in-depth troubleshooting documentation.
[debug] [2024-03-25T00:10:50.565Z] Total Function Deployment time: 90145
[debug] [2024-03-25T00:10:50.566Z] 1 Functions Deployed
[debug] [2024-03-25T00:10:50.566Z] 1 Functions Errored
[debug] [2024-03-25T00:10:50.566Z] 0 Function Deployments Aborted
[debug] [2024-03-25T00:10:50.566Z] Average Function Deployment time: 90141
[info] 
[info] Functions deploy had errors with the following functions:
	app(us-central1)
[debug] [2024-03-25T00:10:50.705Z] Not printing URL for HTTPS function. Typically this means it didn't match a filter or we failed deployment
[info] i  functions: cleaning up build files... 
[debug] [2024-03-25T00:10:50.716Z] >>> [apiv2][query] DELETE https://artifactregistry.googleapis.com/v1beta2/projects/todoapp10265905/locations/us-central1/repositories/gcf-artifacts/packages/app [none]
[debug] [2024-03-25T00:10:50.720Z] >>> [apiv2][query] GET https://us.gcr.io/v2/todoapp10265905/gcf/us-central1/tags/list [none]
[debug] [2024-03-25T00:10:51.800Z] <<< [apiv2][status] DELETE https://artifactregistry.googleapis.com/v1beta2/projects/todoapp10265905/locations/us-central1/repositories/gcf-artifacts/packages/app 200
[debug] [2024-03-25T00:10:51.801Z] <<< [apiv2][body] DELETE https://artifactregistry.googleapis.com/v1beta2/projects/todoapp10265905/locations/us-central1/repositories/gcf-artifacts/packages/app {"name":"projects/todoapp10265905/locations/us-central1/operations/460fa7cc-d72d-45ad-8a56-a7feeafe27cd","metadata":{"@type":"type.googleapis.com/google.devtools.artifactregistry.v1beta2.OperationMetadata"}}
[debug] [2024-03-25T00:10:51.801Z] >>> [apiv2][query] GET https://artifactregistry.googleapis.com/v1beta2/projects/todoapp10265905/locations/us-central1/operations/460fa7cc-d72d-45ad-8a56-a7feeafe27cd [none]
[debug] [2024-03-25T00:10:52.489Z] <<< [apiv2][status] GET https://artifactregistry.googleapis.com/v1beta2/projects/todoapp10265905/locations/us-central1/operations/460fa7cc-d72d-45ad-8a56-a7feeafe27cd 200
[debug] [2024-03-25T00:10:52.490Z] <<< [apiv2][body] GET https://artifactregistry.googleapis.com/v1beta2/projects/todoapp10265905/locations/us-central1/operations/460fa7cc-d72d-45ad-8a56-a7feeafe27cd {"name":"projects/todoapp10265905/locations/us-central1/operations/460fa7cc-d72d-45ad-8a56-a7feeafe27cd","metadata":{"@type":"type.googleapis.com/google.devtools.artifactregistry.v1beta2.OperationMetadata"},"done":true,"response":{"@type":"type.googleapis.com/google.protobuf.Empty"}}
[debug] [2024-03-25T00:10:52.517Z] <<< [apiv2][status] GET https://us.gcr.io/v2/todoapp10265905/gcf/us-central1/tags/list 404
[debug] [2024-03-25T00:10:52.517Z] <<< [apiv2][body] GET https://us.gcr.io/v2/todoapp10265905/gcf/us-central1/tags/list {"errors":[{"code":"NAME_UNKNOWN","message":"Repository \"us.gcr.io\" not found"}]}
[debug] [2024-03-25T00:10:52.518Z] Failed docker command with error  HTTP Error: 404, Not Found {"name":"FirebaseError","children":[],"context":{"body":{"errors":[{"code":"NAME_UNKNOWN","message":"Repository \"us.gcr.io\" not found"}],"error":{"message":"Not Found"}},"response":{"statusCode":404}},"exit":1,"message":"HTTP Error: 404, Not Found","status":404}
[debug] [2024-03-25T00:10:52.527Z] >>> [apiv2][query] GET https://us.gcr.io/v2/todoapp10265905/gcf/us-central1/tags/list [none]
[debug] [2024-03-25T00:10:52.752Z] <<< [apiv2][status] GET https://us.gcr.io/v2/todoapp10265905/gcf/us-central1/tags/list 404
[debug] [2024-03-25T00:10:52.753Z] <<< [apiv2][body] GET https://us.gcr.io/v2/todoapp10265905/gcf/us-central1/tags/list {"errors":[{"code":"NAME_UNKNOWN","message":"Repository \"us.gcr.io\" not found"}]}
[debug] [2024-03-25T00:10:52.753Z] Failed docker command with error  HTTP Error: 404, Not Found {"name":"FirebaseError","children":[],"context":{"body":{"errors":[{"code":"NAME_UNKNOWN","message":"Repository \"us.gcr.io\" not found"}],"error":{"message":"Not Found"}},"response":{"statusCode":404}},"exit":1,"message":"HTTP Error: 404, Not Found","status":404}
[debug] [2024-03-25T00:10:52.855Z] >>> [apiv2][query] GET https://us.gcr.io/v2/todoapp10265905/gcf/us-central1/tags/list [none]
[debug] [2024-03-25T00:10:53.119Z] <<< [apiv2][status] GET https://us.gcr.io/v2/todoapp10265905/gcf/us-central1/tags/list 404
[debug] [2024-03-25T00:10:53.119Z] <<< [apiv2][body] GET https://us.gcr.io/v2/todoapp10265905/gcf/us-central1/tags/list {"errors":[{"code":"NAME_UNKNOWN","message":"Repository \"us.gcr.io\" not found"}]}
[debug] [2024-03-25T00:10:53.120Z] Failed docker command with error  HTTP Error: 404, Not Found {"name":"FirebaseError","children":[],"context":{"body":{"errors":[{"code":"NAME_UNKNOWN","message":"Repository \"us.gcr.io\" not found"}],"error":{"message":"Not Found"}},"response":{"statusCode":404}},"exit":1,"message":"HTTP Error: 404, Not Found","status":404}
[warn] !  functions: Unhandled error cleaning up build images. This could result in a small monthly bill if not corrected. You can attempt to delete these images by redeploying or you can delete them manually at https://console.cloud.google.com/gcr/images/todoapp10265905/us/gcf 
[debug] [2024-03-25T00:10:53.125Z] Functions deploy failed.
[debug] [2024-03-25T00:10:53.125Z] {
  "endpoint": {
    "id": "app",
    "project": "todoapp10265905",
    "region": "us-central1",
    "entryPoint": "app",
    "platform": "gcfv1",
    "runtime": "nodejs10",
    "httpsTrigger": {},
    "ingressSettings": null,
    "availableMemoryMb": null,
    "serviceAccount": null,
    "timeoutSeconds": null,
    "maxInstances": null,
    "minInstances": null,
    "vpc": null,
    "environmentVariables": {
      "DB_USER": "mcvasquezas",
      "DB_PASSWORD": "mxyOOwuiBR62jK9t",
      "DB_SERVER": "cluster0.r5v72vh.mongodb.net",
      "DB_NAME": "mydatabase",
      "FIREBASE_CONFIG": "{\"projectId\":\"todoapp10265905\",\"storageBucket\":\"todoapp10265905.appspot.com\"}",
      "GCLOUD_PROJECT": "todoapp10265905",
      "EVENTARC_CLOUD_EVENT_SOURCE": "projects/todoapp10265905/locations/us-central1/functions/app"
    },
    "codebase": "default",
    "targetedByOnly": false,
    "hash": "7fd2d42b08146f96063239fc60640bfb2ebb6f57",
    "labels": {
      "deployment-tool": "cli-firebase"
    }
  },
  "op": "create",
  "original": {
    "name": "FirebaseError",
    "children": [],
    "exit": 1,
    "message": "Function failed on loading user code. This is likely due to a bug in the user code. Error message: Provided module can't be loaded.\nIs there a syntax error in your code?\nDetailed stack trace: TypeError: async_hooks_1.AsyncLocalStorage is not a constructor\n    at Object.<anonymous> (/workspace/node_modules/firebase-functions/lib/common/trace.js:6:24)\n    at Module._compile (internal/modules/cjs/loader.js:778:30)\n    at Object.Module._extensions..js (internal/modules/cjs/loader.js:789:10)\n    at Module.load (internal/modules/cjs/loader.js:653:32)\n    at tryModuleLoad (internal/modules/cjs/loader.js:593:12)\n    at Function.Module._load (internal/modules/cjs/loader.js:585:3)\n    at Module.require (internal/modules/cjs/loader.js:692:17)\n    at require (internal/modules/cjs/helpers.js:25:18)\n    at Object.<anonymous> (/workspace/node_modules/firebase-functions/lib/logger/index.js:26:17)\n    at Module._compile (internal/modules/cjs/loader.js:778:30)\nCould not load the function, shutting down.. Please visit https://cloud.google.com/functions/docs/troubleshooting for in-depth troubleshooting documentation.",
    "status": 3,
    "code": 3
  }
}
[debug] [2024-03-25T00:10:53.171Z] Error: Failed to create function app in region us-central1
    at C:\Users\Conta\AppData\Roaming\npm\node_modules\firebase-tools\lib\deploy\functions\release\fabricator.js:51:11
    at process.processTicksAndRejections (node:internal/process/task_queues:95:5)
    at async Fabricator.createV1Function (C:\Users\Conta\AppData\Roaming\npm\node_modules\firebase-tools\lib\deploy\functions\release\fabricator.js:181:32)
    at async Fabricator.createEndpoint (C:\Users\Conta\AppData\Roaming\npm\node_modules\firebase-tools\lib\deploy\functions\release\fabricator.js:133:13)
    at async handle (C:\Users\Conta\AppData\Roaming\npm\node_modules\firebase-tools\lib\deploy\functions\release\fabricator.js:88:17)
[error] 
[error] Error: There was an error deploying functions
[debug] [2024-03-25T00:15:38.624Z] ----------------------------------------------------------------------
[debug] [2024-03-25T00:15:38.633Z] Command:       C:\Program Files\nodejs\node.exe C:\Users\Conta\AppData\Roaming\npm\node_modules\firebase-tools\lib\bin\firebase.js deploy --only functions
[debug] [2024-03-25T00:15:38.634Z] CLI Version:   13.4.0
[debug] [2024-03-25T00:15:38.634Z] Platform:      win32
[debug] [2024-03-25T00:15:38.635Z] Node Version:  v20.9.0
[debug] [2024-03-25T00:15:38.635Z] Time:          Mon Mar 25 2024 01:15:38 GMT+0100 (hora estándar de Europa central)
[debug] [2024-03-25T00:15:38.635Z] ----------------------------------------------------------------------
[debug] 
[debug] [2024-03-25T00:15:38.784Z] Object ".hosting.rewrites[0]" in "firebase.json" has unknown property: {"additionalProperty":"source"}
[debug] [2024-03-25T00:15:38.784Z] Object ".hosting.rewrites[0]" in "firebase.json" has unknown property: {"additionalProperty":"source"}
[debug] [2024-03-25T00:15:38.785Z] Object ".hosting.rewrites[0]" in "firebase.json" has unknown property: {"additionalProperty":"source"}
[debug] [2024-03-25T00:15:38.785Z] Object ".hosting.rewrites[0]" in "firebase.json" has unknown property: {"additionalProperty":"source"}
[debug] [2024-03-25T00:15:38.785Z] Object ".hosting.rewrites[0]" in "firebase.json" has unknown property: {"additionalProperty":"source"}
[debug] [2024-03-25T00:15:38.785Z] Object ".hosting.rewrites[0]" in "firebase.json" has unknown property: {"additionalProperty":"function"}
[debug] [2024-03-25T00:15:38.785Z] Object ".hosting.rewrites[0]" in "firebase.json" has unknown property: {"additionalProperty":"destination"}
[debug] [2024-03-25T00:15:38.786Z] Object ".hosting.rewrites[0]" in "firebase.json" has unknown property: {"additionalProperty":"destination"}
[debug] [2024-03-25T00:15:38.786Z] Object ".hosting.rewrites[0]" in "firebase.json" has unknown property: {"additionalProperty":"function"}
[debug] [2024-03-25T00:15:38.786Z] Object ".hosting.rewrites[0]" in "firebase.json" has unknown property: {"additionalProperty":"function"}
[debug] [2024-03-25T00:15:38.786Z] Object ".hosting.rewrites[0]" in "firebase.json" has unknown property: {"additionalProperty":"source"}
[debug] [2024-03-25T00:15:38.786Z] Object ".hosting.rewrites[0]" in "firebase.json" has unknown property: {"additionalProperty":"source"}
[debug] [2024-03-25T00:15:38.786Z] Object ".hosting.rewrites[0]" in "firebase.json" has unknown property: {"additionalProperty":"source"}
[debug] [2024-03-25T00:15:38.786Z] Object ".hosting.rewrites[0]" in "firebase.json" has unknown property: {"additionalProperty":"source"}
[debug] [2024-03-25T00:15:38.786Z] Object ".hosting.rewrites[0]" in "firebase.json" has unknown property: {"additionalProperty":"source"}
[debug] [2024-03-25T00:15:38.786Z] Field ".hosting.rewrites[0]" in "firebase.json" is possibly invalid: should match some schema in anyOf
[debug] [2024-03-25T00:15:38.786Z] Field ".hosting" in "firebase.json" is possibly invalid: should be array
[debug] [2024-03-25T00:15:38.786Z] Field ".hosting" in "firebase.json" is possibly invalid: should match some schema in anyOf
[debug] [2024-03-25T00:15:38.795Z] > command requires scopes: ["email","openid","https://www.googleapis.com/auth/cloudplatformprojects.readonly","https://www.googleapis.com/auth/firebase","https://www.googleapis.com/auth/cloud-platform"]
[debug] [2024-03-25T00:15:38.795Z] > authorizing via signed-in user (claudia.vasquez.as@gmail.com)
[debug] [2024-03-25T00:15:38.795Z] [iam] checking project todoapp10265905 for permissions ["cloudfunctions.functions.create","cloudfunctions.functions.delete","cloudfunctions.functions.get","cloudfunctions.functions.list","cloudfunctions.functions.update","cloudfunctions.operations.get","firebase.projects.get"]
[debug] [2024-03-25T00:15:38.799Z] >>> [apiv2][query] POST https://cloudresourcemanager.googleapis.com/v1/projects/todoapp10265905:testIamPermissions [none]
[debug] [2024-03-25T00:15:38.799Z] >>> [apiv2][(partial)header] POST https://cloudresourcemanager.googleapis.com/v1/projects/todoapp10265905:testIamPermissions x-goog-quota-user=projects/todoapp10265905
[debug] [2024-03-25T00:15:38.799Z] >>> [apiv2][body] POST https://cloudresourcemanager.googleapis.com/v1/projects/todoapp10265905:testIamPermissions {"permissions":["cloudfunctions.functions.create","cloudfunctions.functions.delete","cloudfunctions.functions.get","cloudfunctions.functions.list","cloudfunctions.functions.update","cloudfunctions.operations.get","firebase.projects.get"]}
[debug] [2024-03-25T00:15:50.945Z] *** [apiv2] error from fetch(https://cloudresourcemanager.googleapis.com/v1/projects/todoapp10265905:testIamPermissions, {"headers":{},"method":"POST","body":"{\"permissions\":[\"cloudfunctions.functions.create\",\"cloudfunctions.functions.delete\",\"cloudfunctions.functions.get\",\"cloudfunctions.functions.list\",\"cloudfunctions.functions.update\",\"cloudfunctions.operations.get\",\"firebase.projects.get\"]}"}): FetchError: request to https://cloudresourcemanager.googleapis.com/v1/projects/todoapp10265905:testIamPermissions failed, reason: getaddrinfo ENOTFOUND cloudresourcemanager.googleapis.com
[debug] [2024-03-25T00:15:50.946Z] [iam] error while checking permissions, command may fail: FirebaseError: Failed to make request to https://cloudresourcemanager.googleapis.com/v1/projects/todoapp10265905:testIamPermissions
[debug] [2024-03-25T00:15:50.946Z] >>> [apiv2][query] POST https://iam.googleapis.com/v1/projects/todoapp10265905/serviceAccounts/todoapp10265905@appspot.gserviceaccount.com:testIamPermissions [none]
[debug] [2024-03-25T00:15:50.947Z] >>> [apiv2][body] POST https://iam.googleapis.com/v1/projects/todoapp10265905/serviceAccounts/todoapp10265905@appspot.gserviceaccount.com:testIamPermissions {"permissions":["iam.serviceAccounts.actAs"]}
[debug] [2024-03-25T00:16:02.962Z] *** [apiv2] error from fetch(https://iam.googleapis.com/v1/projects/todoapp10265905/serviceAccounts/todoapp10265905@appspot.gserviceaccount.com:testIamPermissions, {"headers":{},"method":"POST","body":"{\"permissions\":[\"iam.serviceAccounts.actAs\"]}"}): FetchError: request to https://iam.googleapis.com/v1/projects/todoapp10265905/serviceAccounts/todoapp10265905@appspot.gserviceaccount.com:testIamPermissions failed, reason: getaddrinfo ENOTFOUND iam.googleapis.com
[debug] [2024-03-25T00:16:02.963Z] [functions] service account IAM check errored, deploy may fail: Failed to make request to https://iam.googleapis.com/v1/projects/todoapp10265905/serviceAccounts/todoapp10265905@appspot.gserviceaccount.com:testIamPermissions {"name":"FirebaseError","children":[],"exit":1,"message":"Failed to make request to https://iam.googleapis.com/v1/projects/todoapp10265905/serviceAccounts/todoapp10265905@appspot.gserviceaccount.com:testIamPermissions","original":{"message":"request to https://iam.googleapis.com/v1/projects/todoapp10265905/serviceAccounts/todoapp10265905@appspot.gserviceaccount.com:testIamPermissions failed, reason: getaddrinfo ENOTFOUND iam.googleapis.com","type":"system","errno":"ENOTFOUND","code":"ENOTFOUND"},"status":500}
[info] 
[info] === Deploying to 'todoapp10265905'...
[info] 
[info] i  deploying functions 
[debug] [2024-03-25T00:16:02.971Z] >>> [apiv2][query] GET https://firebase.googleapis.com/v1beta1/projects/todoapp10265905 [none]
[debug] [2024-03-25T00:16:02.975Z] *** [apiv2] error from fetch(https://firebase.googleapis.com/v1beta1/projects/todoapp10265905, {"headers":{},"method":"GET","signal":{}}): FetchError: request to https://firebase.googleapis.com/v1beta1/projects/todoapp10265905 failed, reason: getaddrinfo ENOTFOUND firebase.googleapis.com
[debug] [2024-03-25T00:16:02.976Z] Failed to make request to https://firebase.googleapis.com/v1beta1/projects/todoapp10265905 (original: request to https://firebase.googleapis.com/v1beta1/projects/todoapp10265905 failed, reason: getaddrinfo ENOTFOUND firebase.googleapis.com)
[debug] [2024-03-25T00:16:02.994Z] FirebaseError: Failed to make request to https://firebase.googleapis.com/v1beta1/projects/todoapp10265905
    at RetryOperation._fn (C:\Users\Conta\AppData\Roaming\npm\node_modules\firebase-tools\lib\apiv2.js:246:31)
    at process.processTicksAndRejections (node:internal/process/task_queues:95:5)
[error] 
[error] Error: Failed to get Firebase project todoapp10265905. Please make sure the project exists and your account has permission to access it.
